# JRE version: OpenJDK Runtime Environment (8.0_152-b01) (build 1.8.0_152-release-1248-b01)
# Java VM: OpenJDK 64-Bit Server VM (25.152-b01 mixed mode linux-amd64 compressed oops)
Heap:
 PSYoungGen      total 351232K, used 0K [0x00000000e0000000, 0x0000000100000000, 0x0000000100000000)
  eden space 243712K, 0% used [0x00000000e0000000,0x00000000e0000000,0x00000000eee00000)
  from space 107520K, 0% used [0x00000000f9700000,0x00000000f9700000,0x0000000100000000)
  to   space 140288K, 0% used [0x00000000eee00000,0x00000000eee00000,0x00000000f7700000)
 ParOldGen       total 323584K, used 303509K [0x00000000a0000000, 0x00000000b3c00000, 0x00000000e0000000)
  object space 323584K, 93% used [0x00000000a0000000,0x00000000b28654e8,0x00000000b3c00000)
 Metaspace       used 76752K, capacity 80772K, committed 80792K, reserved 1118208K
  class space    used 10006K, capacity 11141K, committed 11160K, reserved 1048576K
GC Heap History (10 events):
Event: 51.370 GC heap after
Heap after GC invocations=16 (full 3):
 PSYoungGen      total 416768K, used 58345K [0x00000000e0000000, 0x0000000100000000, 0x0000000100000000)
  eden space 358400K, 0% used [0x00000000e0000000,0x00000000e0000000,0x00000000f5e00000)
  from space 58368K, 99% used [0x00000000f5e00000,0x00000000f96fa6e8,0x00000000f9700000)
  to   space 92672K, 0% used [0x00000000fa580000,0x00000000fa580000,0x0000000100000000)
 ParOldGen       total 154624K, used 144571K [0x00000000a0000000, 0x00000000a9700000, 0x00000000e0000000)
  object space 154624K, 93% used [0x00000000a0000000,0x00000000a8d2ee50,0x00000000a9700000)
 Metaspace       used 73963K, capacity 78008K, committed 78104K, reserved 1116160K
  class space    used 9821K, capacity 10947K, committed 11032K, reserved 1048576K
}
Event: 51.370 GC heap before
{Heap before GC invocations=17 (full 4):
 PSYoungGen      total 416768K, used 58345K [0x00000000e0000000, 0x0000000100000000, 0x0000000100000000)
  eden space 358400K, 0% used [0x00000000e0000000,0x00000000e0000000,0x00000000f5e00000)
  from space 58368K, 99% used [0x00000000f5e00000,0x00000000f96fa6e8,0x00000000f9700000)
  to   space 92672K, 0% used [0x00000000fa580000,0x00000000fa580000,0x0000000100000000)
 ParOldGen       total 154624K, used 144571K [0x00000000a0000000, 0x00000000a9700000, 0x00000000e0000000)
  object space 154624K, 93% used [0x00000000a0000000,0x00000000a8d2ee50,0x00000000a9700000)
 Metaspace       used 73963K, capacity 78008K, committed 78104K, reserved 1116160K
  class space    used 9821K, capacity 10947K, committed 11032K, reserved 1048576K
Event: 52.776 GC heap after
Heap after GC invocations=17 (full 4):
 PSYoungGen      total 416768K, used 38105K [0x00000000e0000000, 0x0000000100000000, 0x0000000100000000)
  eden space 358400K, 0% used [0x00000000e0000000,0x00000000e0000000,0x00000000f5e00000)
  from space 58368K, 65% used [0x00000000f5e00000,0x00000000f83365d8,0x00000000f9700000)
  to   space 92672K, 0% used [0x00000000fa580000,0x00000000fa580000,0x0000000100000000)
 ParOldGen       total 323584K, used 154568K [0x00000000a0000000, 0x00000000b3c00000, 0x00000000e0000000)
  object space 323584K, 47% used [0x00000000a0000000,0x00000000a96f21b8,0x00000000b3c00000)
 Metaspace       used 73960K, capacity 77996K, committed 78104K, reserved 1116160K
  class space    used 9820K, capacity 10945K, committed 11032K, reserved 1048576K
}
Event: 55.907 GC heap before
{Heap before GC invocations=18 (full 4):
 PSYoungGen      total 416768K, used 396505K [0x00000000e0000000, 0x0000000100000000, 0x0000000100000000)
  eden space 358400K, 100% used [0x00000000e0000000,0x00000000f5e00000,0x00000000f5e00000)
  from space 58368K, 65% used [0x00000000f5e00000,0x00000000f83365d8,0x00000000f9700000)
  to   space 92672K, 0% used [0x00000000fa580000,0x00000000fa580000,0x0000000100000000)
 ParOldGen       total 323584K, used 154568K [0x00000000a0000000, 0x00000000b3c00000, 0x00000000e0000000)
  object space 323584K, 47% used [0x00000000a0000000,0x00000000a96f21b8,0x00000000b3c00000)
 Metaspace       used 74638K, capacity 78724K, committed 78872K, reserved 1118208K
  class space    used 9873K, capacity 11013K, committed 11032K, reserved 1048576K
Event: 56.211 GC heap after
Heap after GC invocations=18 (full 4):
 PSYoungGen      total 401920K, used 88547K [0x00000000e0000000, 0x0000000100000000, 0x0000000100000000)
  eden space 309248K, 0% used [0x00000000e0000000,0x00000000e0000000,0x00000000f2e00000)
  from space 92672K, 95% used [0x00000000fa580000,0x00000000ffbf8c40,0x0000000100000000)
  to   space 107520K, 0% used [0x00000000f2e00000,0x00000000f2e00000,0x00000000f9700000)
 ParOldGen       total 323584K, used 163164K [0x00000000a0000000, 0x00000000b3c00000, 0x00000000e0000000)
  object space 323584K, 50% used [0x00000000a0000000,0x00000000a9f57248,0x00000000b3c00000)
 Metaspace       used 74638K, capacity 78724K, committed 78872K, reserved 1118208K
  class space    used 9873K, capacity 11013K, committed 11032K, reserved 1048576K
}
Event: 63.654 GC heap before
{Heap before GC invocations=19 (full 4):
 PSYoungGen      total 401920K, used 397795K [0x00000000e0000000, 0x0000000100000000, 0x0000000100000000)
  eden space 309248K, 100% used [0x00000000e0000000,0x00000000f2e00000,0x00000000f2e00000)
  from space 92672K, 95% used [0x00000000fa580000,0x00000000ffbf8c40,0x0000000100000000)
  to   space 107520K, 0% used [0x00000000f2e00000,0x00000000f2e00000,0x00000000f9700000)
 ParOldGen       total 323584K, used 163164K [0x00000000a0000000, 0x00000000b3c00000, 0x00000000e0000000)
  object space 323584K, 50% used [0x00000000a0000000,0x00000000a9f57248,0x00000000b3c00000)
 Metaspace       used 76538K, capacity 80580K, committed 80792K, reserved 1118208K
  class space    used 9999K, capacity 11141K, committed 11160K, reserved 1048576K
Event: 64.103 GC heap after
Heap after GC invocations=19 (full 4):
 PSYoungGen      total 416768K, used 107506K [0x00000000e0000000, 0x0000000100000000, 0x0000000100000000)
  eden space 309248K, 0% used [0x00000000e0000000,0x00000000e0000000,0x00000000f2e00000)
  from space 107520K, 99% used [0x00000000f2e00000,0x00000000f96fc920,0x00000000f9700000)
  to   space 107520K, 0% used [0x00000000f9700000,0x00000000f9700000,0x0000000100000000)
 ParOldGen       total 323584K, used 221093K [0x00000000a0000000, 0x00000000b3c00000, 0x00000000e0000000)
  object space 323584K, 68% used [0x00000000a0000000,0x00000000ad7e9730,0x00000000b3c00000)
 Metaspace       used 76538K, capacity 80580K, committed 80792K, reserved 1118208K
  class space    used 9999K, capacity 11141K, committed 11160K, reserved 1048576K
}
Event: 69.684 GC heap before
{Heap before GC invocations=20 (full 4):
 PSYoungGen      total 416768K, used 416754K [0x00000000e0000000, 0x0000000100000000, 0x0000000100000000)
  eden space 309248K, 100% used [0x00000000e0000000,0x00000000f2e00000,0x00000000f2e00000)
  from space 107520K, 99% used [0x00000000f2e00000,0x00000000f96fc920,0x00000000f9700000)
  to   space 107520K, 0% used [0x00000000f9700000,0x00000000f9700000,0x0000000100000000)
 ParOldGen       total 323584K, used 221093K [0x00000000a0000000, 0x00000000b3c00000, 0x00000000e0000000)
  object space 323584K, 68% used [0x00000000a0000000,0x00000000ad7e9730,0x00000000b3c00000)
 Metaspace       used 76752K, capacity 80772K, committed 80792K, reserved 1118208K
  class space    used 10006K, capacity 11141K, committed 11160K, reserved 1048576K
Event: 69.906 GC heap after
Heap after GC invocations=20 (full 4):
 PSYoungGen      total 351232K, used 36697K [0x00000000e0000000, 0x0000000100000000, 0x0000000100000000)
  eden space 243712K, 0% used [0x00000000e0000000,0x00000000e0000000,0x00000000eee00000)
  from space 107520K, 34% used [0x00000000f9700000,0x00000000fbad6520,0x0000000100000000)
  to   space 140288K, 0% used [0x00000000eee00000,0x00000000eee00000,0x00000000f7700000)
 ParOldGen       total 323584K, used 283973K [0x00000000a0000000, 0x00000000b3c00000, 0x00000000e0000000)
  object space 323584K, 87% used [0x00000000a0000000,0x00000000b15516c8,0x00000000b3c00000)
 Metaspace       used 76752K, capacity 80772K, committed 80792K, reserved 1118208K
  class space    used 10006K, capacity 11141K, committed 11160K, reserved 1048576K
}
Event: 69.906 GC heap before
{Heap before GC invocations=21 (full 5):
 PSYoungGen      total 351232K, used 36697K [0x00000000e0000000, 0x0000000100000000, 0x0000000100000000)
  eden space 243712K, 0% used [0x00000000e0000000,0x00000000e0000000,0x00000000eee00000)
  from space 107520K, 34% used [0x00000000f9700000,0x00000000fbad6520,0x0000000100000000)
  to   space 140288K, 0% used [0x00000000eee00000,0x00000000eee00000,0x00000000f7700000)
 ParOldGen       total 323584K, used 283973K [0x00000000a0000000, 0x00000000b3c00000, 0x00000000e0000000)
  object space 323584K, 87% used [0x00000000a0000000,0x00000000b15516c8,0x00000000b3c00000)
 Metaspace       used 76752K, capacity 80772K, committed 80792K, reserved 1118208K
  class space    used 10006K, capacity 11141K, committed 11160K, reserved 1048576K

