# JRE version: OpenJDK Runtime Environment (8.0_152-b06) (build 1.8.0_152-release-1136-b06)
# Java VM: OpenJDK 64-Bit Server VM (25.152-b06 mixed mode linux-amd64 compressed oops)
Heap:
 PSYoungGen      total 427008K, used 12716K [0x00000000e0000000, 0x0000000100000000, 0x0000000100000000)
  eden space 354304K, 0% used [0x00000000e0000000,0x00000000e0000000,0x00000000f5a00000)
  from space 72704K, 17% used [0x00000000fb900000,0x00000000fc56b150,0x0000000100000000)
  to   space 84992K, 0% used [0x00000000f5a00000,0x00000000f5a00000,0x00000000fad00000)
 ParOldGen       total 275968K, used 275605K [0x00000000a0000000, 0x00000000b0d80000, 0x00000000e0000000)
  object space 275968K, 99% used [0x00000000a0000000,0x00000000b0d255d8,0x00000000b0d80000)
 Metaspace       used 67379K, capacity 70788K, committed 71040K, reserved 1110016K
  class space    used 8866K, capacity 9770K, committed 9856K, reserved 1048576K
GC Heap History (10 events):
Event: 36.136 GC heap after
Heap after GC invocations=16 (full 3):
 PSYoungGen      total 292864K, used 25087K [0x00000000e0000000, 0x00000000f8d00000, 0x0000000100000000)
  eden space 267776K, 0% used [0x00000000e0000000,0x00000000e0000000,0x00000000f0580000)
  from space 25088K, 99% used [0x00000000f0580000,0x00000000f1dffd40,0x00000000f1e00000)
  to   space 43520K, 0% used [0x00000000f6280000,0x00000000f6280000,0x00000000f8d00000)
 ParOldGen       total 146944K, used 98809K [0x00000000a0000000, 0x00000000a8f80000, 0x00000000e0000000)
  object space 146944K, 67% used [0x00000000a0000000,0x00000000a607e510,0x00000000a8f80000)
 Metaspace       used 64824K, capacity 68300K, committed 68608K, reserved 1107968K
  class space    used 8754K, capacity 9670K, committed 9728K, reserved 1048576K
}
Event: 40.636 GC heap before
{Heap before GC invocations=17 (full 3):
 PSYoungGen      total 292864K, used 292863K [0x00000000e0000000, 0x00000000f8d00000, 0x0000000100000000)
  eden space 267776K, 100% used [0x00000000e0000000,0x00000000f0580000,0x00000000f0580000)
  from space 25088K, 99% used [0x00000000f0580000,0x00000000f1dffd40,0x00000000f1e00000)
  to   space 43520K, 0% used [0x00000000f6280000,0x00000000f6280000,0x00000000f8d00000)
 ParOldGen       total 146944K, used 98809K [0x00000000a0000000, 0x00000000a8f80000, 0x00000000e0000000)
  object space 146944K, 67% used [0x00000000a0000000,0x00000000a607e510,0x00000000a8f80000)
 Metaspace       used 65703K, capacity 69132K, committed 69504K, reserved 1110016K
  class space    used 8800K, capacity 9734K, committed 9856K, reserved 1048576K
Event: 41.781 GC heap after
Heap after GC invocations=17 (full 3):
 PSYoungGen      total 342528K, used 43510K [0x00000000e0000000, 0x00000000fe580000, 0x0000000100000000)
  eden space 299008K, 0% used [0x00000000e0000000,0x00000000e0000000,0x00000000f2400000)
  from space 43520K, 99% used [0x00000000f6280000,0x00000000f8cfd928,0x00000000f8d00000)
  to   space 64000K, 0% used [0x00000000f2400000,0x00000000f2400000,0x00000000f6280000)
 ParOldGen       total 146944K, used 135355K [0x00000000a0000000, 0x00000000a8f80000, 0x00000000e0000000)
  object space 146944K, 92% used [0x00000000a0000000,0x00000000a842eef0,0x00000000a8f80000)
 Metaspace       used 65703K, capacity 69132K, committed 69504K, reserved 1110016K
  class space    used 8800K, capacity 9734K, committed 9856K, reserved 1048576K
}
Event: 41.784 GC heap before
{Heap before GC invocations=18 (full 4):
 PSYoungGen      total 342528K, used 43510K [0x00000000e0000000, 0x00000000fe580000, 0x0000000100000000)
  eden space 299008K, 0% used [0x00000000e0000000,0x00000000e0000000,0x00000000f2400000)
  from space 43520K, 99% used [0x00000000f6280000,0x00000000f8cfd928,0x00000000f8d00000)
  to   space 64000K, 0% used [0x00000000f2400000,0x00000000f2400000,0x00000000f6280000)
 ParOldGen       total 146944K, used 135355K [0x00000000a0000000, 0x00000000a8f80000, 0x00000000e0000000)
  object space 146944K, 92% used [0x00000000a0000000,0x00000000a842eef0,0x00000000a8f80000)
 Metaspace       used 65703K, capacity 69132K, committed 69504K, reserved 1110016K
  class space    used 8800K, capacity 9734K, committed 9856K, reserved 1048576K
Event: 44.838 GC heap after
Heap after GC invocations=18 (full 4):
 PSYoungGen      total 342528K, used 28522K [0x00000000e0000000, 0x00000000fe580000, 0x0000000100000000)
  eden space 299008K, 0% used [0x00000000e0000000,0x00000000e0000000,0x00000000f2400000)
  from space 43520K, 65% used [0x00000000f6280000,0x00000000f7e5a9a0,0x00000000f8d00000)
  to   space 64000K, 0% used [0x00000000f2400000,0x00000000f2400000,0x00000000f6280000)
 ParOldGen       total 275968K, used 146630K [0x00000000a0000000, 0x00000000b0d80000, 0x00000000e0000000)
  object space 275968K, 53% used [0x00000000a0000000,0x00000000a8f319d8,0x00000000b0d80000)
 Metaspace       used 65703K, capacity 69132K, committed 69504K, reserved 1110016K
  class space    used 8800K, capacity 9734K, committed 9856K, reserved 1048576K
}
Event: 48.874 GC heap before
{Heap before GC invocations=19 (full 4):
 PSYoungGen      total 342528K, used 327530K [0x00000000e0000000, 0x00000000fe580000, 0x0000000100000000)
  eden space 299008K, 100% used [0x00000000e0000000,0x00000000f2400000,0x00000000f2400000)
  from space 43520K, 65% used [0x00000000f6280000,0x00000000f7e5a9a0,0x00000000f8d00000)
  to   space 64000K, 0% used [0x00000000f2400000,0x00000000f2400000,0x00000000f6280000)
 ParOldGen       total 275968K, used 146630K [0x00000000a0000000, 0x00000000b0d80000, 0x00000000e0000000)
  object space 275968K, 53% used [0x00000000a0000000,0x00000000a8f319d8,0x00000000b0d80000)
 Metaspace       used 66370K, capacity 69822K, committed 70016K, reserved 1110016K
  class space    used 8852K, capacity 9769K, committed 9856K, reserved 1048576K
Event: 49.240 GC heap after
Heap after GC invocations=19 (full 4):
 PSYoungGen      total 363008K, used 57559K [0x00000000e0000000, 0x0000000100000000, 0x0000000100000000)
  eden space 299008K, 0% used [0x00000000e0000000,0x00000000e0000000,0x00000000f2400000)
  from space 64000K, 89% used [0x00000000f2400000,0x00000000f5c35e58,0x00000000f6280000)
  to   space 72704K, 0% used [0x00000000fb900000,0x00000000fb900000,0x0000000100000000)
 ParOldGen       total 275968K, used 175330K [0x00000000a0000000, 0x00000000b0d80000, 0x00000000e0000000)
  object space 275968K, 63% used [0x00000000a0000000,0x00000000aab38b38,0x00000000b0d80000)
 Metaspace       used 66370K, capacity 69822K, committed 70016K, reserved 1110016K
  class space    used 8852K, capacity 9769K, committed 9856K, reserved 1048576K
}
Event: 57.304 GC heap before
{Heap before GC invocations=20 (full 4):
 PSYoungGen      total 363008K, used 356567K [0x00000000e0000000, 0x0000000100000000, 0x0000000100000000)
  eden space 299008K, 100% used [0x00000000e0000000,0x00000000f2400000,0x00000000f2400000)
  from space 64000K, 89% used [0x00000000f2400000,0x00000000f5c35e58,0x00000000f6280000)
  to   space 72704K, 0% used [0x00000000fb900000,0x00000000fb900000,0x0000000100000000)
 ParOldGen       total 275968K, used 175330K [0x00000000a0000000, 0x00000000b0d80000, 0x00000000e0000000)
  object space 275968K, 63% used [0x00000000a0000000,0x00000000aab38b38,0x00000000b0d80000)
 Metaspace       used 67379K, capacity 70788K, committed 71040K, reserved 1110016K
  class space    used 8866K, capacity 9770K, committed 9856K, reserved 1048576K
Event: 57.872 GC heap after
Heap after GC invocations=20 (full 4):
 PSYoungGen      total 427008K, used 72224K [0x00000000e0000000, 0x0000000100000000, 0x0000000100000000)
  eden space 354304K, 0% used [0x00000000e0000000,0x00000000e0000000,0x00000000f5a00000)
  from space 72704K, 99% used [0x00000000fb900000,0x00000000fff88140,0x0000000100000000)
  to   space 84992K, 0% used [0x00000000f5a00000,0x00000000f5a00000,0x00000000fad00000)
 ParOldGen       total 275968K, used 231490K [0x00000000a0000000, 0x00000000b0d80000, 0x00000000e0000000)
  object space 275968K, 83% used [0x00000000a0000000,0x00000000ae210998,0x00000000b0d80000)
 Metaspace       used 67379K, capacity 70788K, committed 71040K, reserved 1110016K
  class space    used 8866K, capacity 9770K, committed 9856K, reserved 1048576K
}
Event: 57.873 GC heap before
{Heap before GC invocations=21 (full 5):
 PSYoungGen      total 427008K, used 72224K [0x00000000e0000000, 0x0000000100000000, 0x0000000100000000)
  eden space 354304K, 0% used [0x00000000e0000000,0x00000000e0000000,0x00000000f5a00000)
  from space 72704K, 99% used [0x00000000fb900000,0x00000000fff88140,0x0000000100000000)
  to   space 84992K, 0% used [0x00000000f5a00000,0x00000000f5a00000,0x00000000fad00000)
 ParOldGen       total 275968K, used 231490K [0x00000000a0000000, 0x00000000b0d80000, 0x00000000e0000000)
  object space 275968K, 83% used [0x00000000a0000000,0x00000000ae210998,0x00000000b0d80000)
 Metaspace       used 67379K, capacity 70788K, committed 71040K, reserved 1110016K
  class space    used 8866K, capacity 9770K, committed 9856K, reserved 1048576K

