# JRE version: OpenJDK Runtime Environment (8.0_152-b06) (build 1.8.0_152-release-1136-b06)
# Java VM: OpenJDK 64-Bit Server VM (25.152-b06 mixed mode linux-amd64 compressed oops)
Heap:
 PSYoungGen      total 348672K, used 0K [0x00000000e0000000, 0x00000000fea00000, 0x0000000100000000)
  eden space 225280K, 0% used [0x00000000e0000000,0x00000000e0000000,0x00000000edc00000)
  from space 123392K, 0% used [0x00000000f7180000,0x00000000f7180000,0x00000000fea00000)
  to   space 138240K, 0% used [0x00000000edc00000,0x00000000edc00000,0x00000000f6300000)
 ParOldGen       total 667136K, used 298649K [0x00000000a0000000, 0x00000000c8b80000, 0x00000000e0000000)
  object space 667136K, 44% used [0x00000000a0000000,0x00000000b23a6510,0x00000000c8b80000)
 Metaspace       used 93548K, capacity 100076K, committed 102784K, reserved 1138688K
  class space    used 11643K, capacity 13202K, committed 13696K, reserved 1048576K
GC Heap History (10 events):
Event: 7467.916 GC heap after
Heap after GC invocations=245 (full 15):
 PSYoungGen      total 363008K, used 93680K [0x00000000e0000000, 0x0000000100000000, 0x0000000100000000)
  eden space 269312K, 0% used [0x00000000e0000000,0x00000000e0000000,0x00000000f0700000)
  from space 93696K, 99% used [0x00000000fa480000,0x00000000ffffc360,0x0000000100000000)
  to   space 127488K, 0% used [0x00000000f0700000,0x00000000f0700000,0x00000000f8380000)
 ParOldGen       total 667136K, used 321444K [0x00000000a0000000, 0x00000000c8b80000, 0x00000000e0000000)
  object space 667136K, 48% used [0x00000000a0000000,0x00000000b39e9108,0x00000000c8b80000)
 Metaspace       used 95285K, capacity 102458K, committed 102784K, reserved 1138688K
  class space    used 11903K, capacity 13612K, committed 13696K, reserved 1048576K
}
Event: 7469.927 GC heap before
{Heap before GC invocations=246 (full 15):
 PSYoungGen      total 363008K, used 362992K [0x00000000e0000000, 0x0000000100000000, 0x0000000100000000)
  eden space 269312K, 100% used [0x00000000e0000000,0x00000000f0700000,0x00000000f0700000)
  from space 93696K, 99% used [0x00000000fa480000,0x00000000ffffc360,0x0000000100000000)
  to   space 127488K, 0% used [0x00000000f0700000,0x00000000f0700000,0x00000000f8380000)
 ParOldGen       total 667136K, used 321444K [0x00000000a0000000, 0x00000000c8b80000, 0x00000000e0000000)
  object space 667136K, 48% used [0x00000000a0000000,0x00000000b39e9108,0x00000000c8b80000)
 Metaspace       used 95305K, capacity 102458K, committed 102784K, reserved 1138688K
  class space    used 11904K, capacity 13612K, committed 13696K, reserved 1048576K
Event: 7470.026 GC heap after
Heap after GC invocations=246 (full 15):
 PSYoungGen      total 396800K, used 13299K [0x00000000e0000000, 0x0000000100000000, 0x0000000100000000)
  eden space 269312K, 0% used [0x00000000e0000000,0x00000000e0000000,0x00000000f0700000)
  from space 127488K, 10% used [0x00000000f0700000,0x00000000f13fcfa0,0x00000000f8380000)
  to   space 124928K, 0% used [0x00000000f8600000,0x00000000f8600000,0x0000000100000000)
 ParOldGen       total 667136K, used 397155K [0x00000000a0000000, 0x00000000c8b80000, 0x00000000e0000000)
  object space 667136K, 59% used [0x00000000a0000000,0x00000000b83d8fb0,0x00000000c8b80000)
 Metaspace       used 95305K, capacity 102458K, committed 102784K, reserved 1138688K
  class space    used 11904K, capacity 13612K, committed 13696K, reserved 1048576K
}
Event: 7470.534 GC heap before
{Heap before GC invocations=247 (full 15):
 PSYoungGen      total 396800K, used 282611K [0x00000000e0000000, 0x0000000100000000, 0x0000000100000000)
  eden space 269312K, 100% used [0x00000000e0000000,0x00000000f0700000,0x00000000f0700000)
  from space 127488K, 10% used [0x00000000f0700000,0x00000000f13fcfa0,0x00000000f8380000)
  to   space 124928K, 0% used [0x00000000f8600000,0x00000000f8600000,0x0000000100000000)
 ParOldGen       total 667136K, used 397155K [0x00000000a0000000, 0x00000000c8b80000, 0x00000000e0000000)
  object space 667136K, 59% used [0x00000000a0000000,0x00000000b83d8fb0,0x00000000c8b80000)
 Metaspace       used 95306K, capacity 102458K, committed 102784K, reserved 1138688K
  class space    used 11904K, capacity 13612K, committed 13696K, reserved 1048576K
Event: 7470.663 GC heap after
Heap after GC invocations=247 (full 15):
 PSYoungGen      total 343040K, used 124924K [0x00000000e0000000, 0x0000000100000000, 0x0000000100000000)
  eden space 218112K, 0% used [0x00000000e0000000,0x00000000e0000000,0x00000000ed500000)
  from space 124928K, 99% used [0x00000000f8600000,0x00000000fffff278,0x0000000100000000)
  to   space 153088K, 0% used [0x00000000ed500000,0x00000000ed500000,0x00000000f6a80000)
 ParOldGen       total 667136K, used 413216K [0x00000000a0000000, 0x00000000c8b80000, 0x00000000e0000000)
  object space 667136K, 61% used [0x00000000a0000000,0x00000000b9388098,0x00000000c8b80000)
 Metaspace       used 95306K, capacity 102458K, committed 102784K, reserved 1138688K
  class space    used 11904K, capacity 13612K, committed 13696K, reserved 1048576K
}
Event: 7471.562 GC heap before
{Heap before GC invocations=248 (full 15):
 PSYoungGen      total 343040K, used 343036K [0x00000000e0000000, 0x0000000100000000, 0x0000000100000000)
  eden space 218112K, 100% used [0x00000000e0000000,0x00000000ed500000,0x00000000ed500000)
  from space 124928K, 99% used [0x00000000f8600000,0x00000000fffff278,0x0000000100000000)
  to   space 153088K, 0% used [0x00000000ed500000,0x00000000ed500000,0x00000000f6a80000)
 ParOldGen       total 667136K, used 413216K [0x00000000a0000000, 0x00000000c8b80000, 0x00000000e0000000)
  object space 667136K, 61% used [0x00000000a0000000,0x00000000b9388098,0x00000000c8b80000)
 Metaspace       used 95307K, capacity 102458K, committed 102784K, reserved 1138688K
  class space    used 11904K, capacity 13612K, committed 13696K, reserved 1048576K
Event: 7471.690 GC heap after
Heap after GC invocations=248 (full 15):
 PSYoungGen      total 371200K, used 61306K [0x00000000e0000000, 0x0000000100000000, 0x0000000100000000)
  eden space 218112K, 0% used [0x00000000e0000000,0x00000000e0000000,0x00000000ed500000)
  from space 153088K, 40% used [0x00000000ed500000,0x00000000f10deb98,0x00000000f6a80000)
  to   space 145920K, 0% used [0x00000000f7180000,0x00000000f7180000,0x0000000100000000)
 ParOldGen       total 667136K, used 522804K [0x00000000a0000000, 0x00000000c8b80000, 0x00000000e0000000)
  object space 667136K, 78% used [0x00000000a0000000,0x00000000bfe8d2d0,0x00000000c8b80000)
 Metaspace       used 95307K, capacity 102458K, committed 102784K, reserved 1138688K
  class space    used 11904K, capacity 13612K, committed 13696K, reserved 1048576K
}
Event: 7472.308 GC heap before
{Heap before GC invocations=249 (full 15):
 PSYoungGen      total 371200K, used 279418K [0x00000000e0000000, 0x0000000100000000, 0x0000000100000000)
  eden space 218112K, 100% used [0x00000000e0000000,0x00000000ed500000,0x00000000ed500000)
  from space 153088K, 40% used [0x00000000ed500000,0x00000000f10deb98,0x00000000f6a80000)
  to   space 145920K, 0% used [0x00000000f7180000,0x00000000f7180000,0x0000000100000000)
 ParOldGen       total 667136K, used 522804K [0x00000000a0000000, 0x00000000c8b80000, 0x00000000e0000000)
  object space 667136K, 78% used [0x00000000a0000000,0x00000000bfe8d2d0,0x00000000c8b80000)
 Metaspace       used 95308K, capacity 102458K, committed 102784K, reserved 1138688K
  class space    used 11904K, capacity 13612K, committed 13696K, reserved 1048576K
Event: 7472.417 GC heap after
Heap after GC invocations=249 (full 15):
 PSYoungGen      total 348672K, used 45184K [0x00000000e0000000, 0x00000000fea00000, 0x0000000100000000)
  eden space 225280K, 0% used [0x00000000e0000000,0x00000000e0000000,0x00000000edc00000)
  from space 123392K, 36% used [0x00000000f7180000,0x00000000f9da0000,0x00000000fea00000)
  to   space 138240K, 0% used [0x00000000edc00000,0x00000000edc00000,0x00000000f6300000)
 ParOldGen       total 667136K, used 578958K [0x00000000a0000000, 0x00000000c8b80000, 0x00000000e0000000)
  object space 667136K, 86% used [0x00000000a0000000,0x00000000c3563b78,0x00000000c8b80000)
 Metaspace       used 95308K, capacity 102458K, committed 102784K, reserved 1138688K
  class space    used 11904K, capacity 13612K, committed 13696K, reserved 1048576K
}
Event: 7472.417 GC heap before
{Heap before GC invocations=250 (full 16):
 PSYoungGen      total 348672K, used 45184K [0x00000000e0000000, 0x00000000fea00000, 0x0000000100000000)
  eden space 225280K, 0% used [0x00000000e0000000,0x00000000e0000000,0x00000000edc00000)
  from space 123392K, 36% used [0x00000000f7180000,0x00000000f9da0000,0x00000000fea00000)
  to   space 138240K, 0% used [0x00000000edc00000,0x00000000edc00000,0x00000000f6300000)
 ParOldGen       total 667136K, used 578958K [0x00000000a0000000, 0x00000000c8b80000, 0x00000000e0000000)
  object space 667136K, 86% used [0x00000000a0000000,0x00000000c3563b78,0x00000000c8b80000)
 Metaspace       used 95308K, capacity 102458K, committed 102784K, reserved 1138688K
  class space    used 11904K, capacity 13612K, committed 13696K, reserved 1048576K

