# JRE version: OpenJDK Runtime Environment (8.0_152-b06) (build 1.8.0_152-release-1136-b06)
# Java VM: OpenJDK 64-Bit Server VM (25.152-b06 mixed mode linux-amd64 compressed oops)
Heap:
 PSYoungGen      total 128000K, used 5104K [0x00000000e0000000, 0x00000000e8200000, 0x0000000100000000)
  eden space 122880K, 0% used [0x00000000e0000000,0x00000000e0000000,0x00000000e7800000)
  from space 5120K, 99% used [0x00000000e7800000,0x00000000e7cfc010,0x00000000e7d00000)
  to   space 5120K, 0% used [0x00000000e7d00000,0x00000000e7d00000,0x00000000e8200000)
 ParOldGen       total 60928K, used 15377K [0x00000000a0000000, 0x00000000a3b80000, 0x00000000e0000000)
  object space 60928K, 25% used [0x00000000a0000000,0x00000000a0f045e8,0x00000000a3b80000)
 Metaspace       used 29189K, capacity 29626K, committed 29952K, reserved 1075200K
  class space    used 4101K, capacity 4278K, committed 4352K, reserved 1048576K
GC Heap History (10 events):
Event: 3.201 GC heap after
Heap after GC invocations=1 (full 0):
 PSYoungGen      total 35840K, used 4103K [0x00000000e0000000, 0x00000000e4600000, 0x0000000100000000)
  eden space 30720K, 0% used [0x00000000e0000000,0x00000000e0000000,0x00000000e1e00000)
  from space 5120K, 80% used [0x00000000e1e00000,0x00000000e2201e80,0x00000000e2300000)
  to   space 5120K, 0% used [0x00000000e4100000,0x00000000e4100000,0x00000000e4600000)
 ParOldGen       total 81920K, used 0K [0x00000000a0000000, 0x00000000a5000000, 0x00000000e0000000)
  object space 81920K, 0% used [0x00000000a0000000,0x00000000a0000000,0x00000000a5000000)
 Metaspace       used 6847K, capacity 6990K, committed 7168K, reserved 1056768K
  class space    used 836K, capacity 907K, committed 1024K, reserved 1048576K
}
Event: 4.980 GC heap before
{Heap before GC invocations=2 (full 0):
 PSYoungGen      total 35840K, used 34823K [0x00000000e0000000, 0x00000000e4600000, 0x0000000100000000)
  eden space 30720K, 100% used [0x00000000e0000000,0x00000000e1e00000,0x00000000e1e00000)
  from space 5120K, 80% used [0x00000000e1e00000,0x00000000e2201e80,0x00000000e2300000)
  to   space 5120K, 0% used [0x00000000e4100000,0x00000000e4100000,0x00000000e4600000)
 ParOldGen       total 81920K, used 0K [0x00000000a0000000, 0x00000000a5000000, 0x00000000e0000000)
  object space 81920K, 0% used [0x00000000a0000000,0x00000000a0000000,0x00000000a5000000)
 Metaspace       used 10198K, capacity 10440K, committed 10752K, reserved 1058816K
  class space    used 1352K, capacity 1454K, committed 1536K, reserved 1048576K
Event: 5.005 GC heap after
Heap after GC invocations=2 (full 0):
 PSYoungGen      total 66560K, used 5070K [0x00000000e0000000, 0x00000000e4600000, 0x0000000100000000)
  eden space 61440K, 0% used [0x00000000e0000000,0x00000000e0000000,0x00000000e3c00000)
  from space 5120K, 99% used [0x00000000e4100000,0x00000000e45f3840,0x00000000e4600000)
  to   space 5120K, 0% used [0x00000000e3c00000,0x00000000e3c00000,0x00000000e4100000)
 ParOldGen       total 81920K, used 8K [0x00000000a0000000, 0x00000000a5000000, 0x00000000e0000000)
  object space 81920K, 0% used [0x00000000a0000000,0x00000000a0002000,0x00000000a5000000)
 Metaspace       used 10198K, capacity 10440K, committed 10752K, reserved 1058816K
  class space    used 1352K, capacity 1454K, committed 1536K, reserved 1048576K
}
Event: 7.416 GC heap before
{Heap before GC invocations=3 (full 0):
 PSYoungGen      total 66560K, used 66510K [0x00000000e0000000, 0x00000000e4600000, 0x0000000100000000)
  eden space 61440K, 100% used [0x00000000e0000000,0x00000000e3c00000,0x00000000e3c00000)
  from space 5120K, 99% used [0x00000000e4100000,0x00000000e45f3840,0x00000000e4600000)
  to   space 5120K, 0% used [0x00000000e3c00000,0x00000000e3c00000,0x00000000e4100000)
 ParOldGen       total 81920K, used 8K [0x00000000a0000000, 0x00000000a5000000, 0x00000000e0000000)
  object space 81920K, 0% used [0x00000000a0000000,0x00000000a0002000,0x00000000a5000000)
 Metaspace       used 16005K, capacity 16378K, committed 16640K, reserved 1062912K
  class space    used 2310K, capacity 2443K, committed 2560K, reserved 1048576K
Event: 7.479 GC heap after
Heap after GC invocations=3 (full 0):
 PSYoungGen      total 66560K, used 5088K [0x00000000e0000000, 0x00000000e8200000, 0x0000000100000000)
  eden space 61440K, 0% used [0x00000000e0000000,0x00000000e0000000,0x00000000e3c00000)
  from space 5120K, 99% used [0x00000000e3c00000,0x00000000e40f8030,0x00000000e4100000)
  to   space 5120K, 0% used [0x00000000e7d00000,0x00000000e7d00000,0x00000000e8200000)
 ParOldGen       total 81920K, used 4959K [0x00000000a0000000, 0x00000000a5000000, 0x00000000e0000000)
  object space 81920K, 6% used [0x00000000a0000000,0x00000000a04d7f90,0x00000000a5000000)
 Metaspace       used 16005K, capacity 16378K, committed 16640K, reserved 1062912K
  class space    used 2310K, capacity 2443K, committed 2560K, reserved 1048576K
}
Event: 9.112 GC heap before
{Heap before GC invocations=4 (full 0):
 PSYoungGen      total 66560K, used 32947K [0x00000000e0000000, 0x00000000e8200000, 0x0000000100000000)
  eden space 61440K, 45% used [0x00000000e0000000,0x00000000e1b34f18,0x00000000e3c00000)
  from space 5120K, 99% used [0x00000000e3c00000,0x00000000e40f8030,0x00000000e4100000)
  to   space 5120K, 0% used [0x00000000e7d00000,0x00000000e7d00000,0x00000000e8200000)
 ParOldGen       total 81920K, used 4959K [0x00000000a0000000, 0x00000000a5000000, 0x00000000e0000000)
  object space 81920K, 6% used [0x00000000a0000000,0x00000000a04d7f90,0x00000000a5000000)
 Metaspace       used 20677K, capacity 21082K, committed 21248K, reserved 1067008K
  class space    used 2903K, capacity 3039K, committed 3072K, reserved 1048576K
Event: 9.158 GC heap after
Heap after GC invocations=4 (full 0):
 PSYoungGen      total 128000K, used 5088K [0x00000000e0000000, 0x00000000e8200000, 0x0000000100000000)
  eden space 122880K, 0% used [0x00000000e0000000,0x00000000e0000000,0x00000000e7800000)
  from space 5120K, 99% used [0x00000000e7d00000,0x00000000e81f8060,0x00000000e8200000)
  to   space 5120K, 0% used [0x00000000e7800000,0x00000000e7800000,0x00000000e7d00000)
 ParOldGen       total 81920K, used 8983K [0x00000000a0000000, 0x00000000a5000000, 0x00000000e0000000)
  object space 81920K, 10% used [0x00000000a0000000,0x00000000a08c5ca8,0x00000000a5000000)
 Metaspace       used 20677K, capacity 21082K, committed 21248K, reserved 1067008K
  class space    used 2903K, capacity 3039K, committed 3072K, reserved 1048576K
}
Event: 9.159 GC heap before
{Heap before GC invocations=5 (full 1):
 PSYoungGen      total 128000K, used 5088K [0x00000000e0000000, 0x00000000e8200000, 0x0000000100000000)
  eden space 122880K, 0% used [0x00000000e0000000,0x00000000e0000000,0x00000000e7800000)
  from space 5120K, 99% used [0x00000000e7d00000,0x00000000e81f8060,0x00000000e8200000)
  to   space 5120K, 0% used [0x00000000e7800000,0x00000000e7800000,0x00000000e7d00000)
 ParOldGen       total 81920K, used 8983K [0x00000000a0000000, 0x00000000a5000000, 0x00000000e0000000)
  object space 81920K, 10% used [0x00000000a0000000,0x00000000a08c5ca8,0x00000000a5000000)
 Metaspace       used 20677K, capacity 21082K, committed 21248K, reserved 1067008K
  class space    used 2903K, capacity 3039K, committed 3072K, reserved 1048576K
Event: 9.326 GC heap after
Heap after GC invocations=5 (full 1):
 PSYoungGen      total 128000K, used 0K [0x00000000e0000000, 0x00000000e8200000, 0x0000000100000000)
  eden space 122880K, 0% used [0x00000000e0000000,0x00000000e0000000,0x00000000e7800000)
  from space 5120K, 0% used [0x00000000e7d00000,0x00000000e7d00000,0x00000000e8200000)
  to   space 5120K, 0% used [0x00000000e7800000,0x00000000e7800000,0x00000000e7d00000)
 ParOldGen       total 60928K, used 9041K [0x00000000a0000000, 0x00000000a3b80000, 0x00000000e0000000)
  object space 60928K, 14% used [0x00000000a0000000,0x00000000a08d4770,0x00000000a3b80000)
 Metaspace       used 20677K, capacity 21082K, committed 21248K, reserved 1067008K
  class space    used 2903K, capacity 3039K, committed 3072K, reserved 1048576K
}
Event: 34.521 GC heap before
{Heap before GC invocations=6 (full 1):
 PSYoungGen      total 128000K, used 122880K [0x00000000e0000000, 0x00000000e8200000, 0x0000000100000000)
  eden space 122880K, 100% used [0x00000000e0000000,0x00000000e7800000,0x00000000e7800000)
  from space 5120K, 0% used [0x00000000e7d00000,0x00000000e7d00000,0x00000000e8200000)
  to   space 5120K, 0% used [0x00000000e7800000,0x00000000e7800000,0x00000000e7d00000)
 ParOldGen       total 60928K, used 9041K [0x00000000a0000000, 0x00000000a3b80000, 0x00000000e0000000)
  object space 60928K, 14% used [0x00000000a0000000,0x00000000a08d4770,0x00000000a3b80000)
 Metaspace       used 29189K, capacity 29626K, committed 29952K, reserved 1075200K
  class space    used 4101K, capacity 4278K, committed 4352K, reserved 1048576K

