# JRE version: OpenJDK Runtime Environment (8.0_152-b01) (build 1.8.0_152-release-1248-b01)
# Java VM: OpenJDK 64-Bit Server VM (25.152-b01 mixed mode linux-amd64 compressed oops)
Heap:
 PSYoungGen      total 404992K, used 0K [0x00000000e0000000, 0x0000000100000000, 0x0000000100000000)
  eden space 285696K, 0% used [0x00000000e0000000,0x00000000e0000000,0x00000000f1700000)
  from space 119296K, 0% used [0x00000000f1700000,0x00000000f1700000,0x00000000f8b80000)
  to   space 117248K, 0% used [0x00000000f8d80000,0x00000000f8d80000,0x0000000100000000)
 ParOldGen       total 311808K, used 307338K [0x00000000a0000000, 0x00000000b3080000, 0x00000000e0000000)
  object space 311808K, 98% used [0x00000000a0000000,0x00000000b2c22980,0x00000000b3080000)
 Metaspace       used 76194K, capacity 80282K, committed 80536K, reserved 1118208K
  class space    used 9953K, capacity 11104K, committed 11160K, reserved 1048576K
GC Heap History (10 events):
Event: 26.343 GC heap after
Heap after GC invocations=15 (full 3):
 PSYoungGen      total 432640K, used 43007K [0x00000000e0000000, 0x0000000100000000, 0x0000000100000000)
  eden space 389632K, 0% used [0x00000000e0000000,0x00000000e0000000,0x00000000f7c80000)
  from space 43008K, 99% used [0x00000000fbc00000,0x00000000fe5fff80,0x00000000fe600000)
  to   space 65024K, 0% used [0x00000000f7c80000,0x00000000f7c80000,0x00000000fbc00000)
 ParOldGen       total 153088K, used 99678K [0x00000000a0000000, 0x00000000a9580000, 0x00000000e0000000)
  object space 153088K, 65% used [0x00000000a0000000,0x00000000a6157a68,0x00000000a9580000)
 Metaspace       used 72053K, capacity 76136K, committed 76440K, reserved 1114112K
  class space    used 9688K, capacity 10813K, committed 10904K, reserved 1048576K
}
Event: 28.476 GC heap before
{Heap before GC invocations=16 (full 3):
 PSYoungGen      total 432640K, used 432639K [0x00000000e0000000, 0x0000000100000000, 0x0000000100000000)
  eden space 389632K, 100% used [0x00000000e0000000,0x00000000f7c80000,0x00000000f7c80000)
  from space 43008K, 99% used [0x00000000fbc00000,0x00000000fe5fff80,0x00000000fe600000)
  to   space 65024K, 0% used [0x00000000f7c80000,0x00000000f7c80000,0x00000000fbc00000)
 ParOldGen       total 153088K, used 99678K [0x00000000a0000000, 0x00000000a9580000, 0x00000000e0000000)
  object space 153088K, 65% used [0x00000000a0000000,0x00000000a6157a68,0x00000000a9580000)
 Metaspace       used 73827K, capacity 77914K, committed 78104K, reserved 1116160K
  class space    used 9808K, capacity 10912K, committed 11032K, reserved 1048576K
Event: 28.627 GC heap after
Heap after GC invocations=16 (full 3):
 PSYoungGen      total 454656K, used 64847K [0x00000000e0000000, 0x0000000100000000, 0x0000000100000000)
  eden space 389632K, 0% used [0x00000000e0000000,0x00000000e0000000,0x00000000f7c80000)
  from space 65024K, 99% used [0x00000000f7c80000,0x00000000fbbd3e90,0x00000000fbc00000)
  to   space 69632K, 0% used [0x00000000fbc00000,0x00000000fbc00000,0x0000000100000000)
 ParOldGen       total 153088K, used 142314K [0x00000000a0000000, 0x00000000a9580000, 0x00000000e0000000)
  object space 153088K, 92% used [0x00000000a0000000,0x00000000a8afab08,0x00000000a9580000)
 Metaspace       used 73827K, capacity 77914K, committed 78104K, reserved 1116160K
  class space    used 9808K, capacity 10912K, committed 11032K, reserved 1048576K
}
Event: 28.627 GC heap before
{Heap before GC invocations=17 (full 4):
 PSYoungGen      total 454656K, used 64847K [0x00000000e0000000, 0x0000000100000000, 0x0000000100000000)
  eden space 389632K, 0% used [0x00000000e0000000,0x00000000e0000000,0x00000000f7c80000)
  from space 65024K, 99% used [0x00000000f7c80000,0x00000000fbbd3e90,0x00000000fbc00000)
  to   space 69632K, 0% used [0x00000000fbc00000,0x00000000fbc00000,0x0000000100000000)
 ParOldGen       total 153088K, used 142314K [0x00000000a0000000, 0x00000000a9580000, 0x00000000e0000000)
  object space 153088K, 92% used [0x00000000a0000000,0x00000000a8afab08,0x00000000a9580000)
 Metaspace       used 73827K, capacity 77914K, committed 78104K, reserved 1116160K
  class space    used 9808K, capacity 10912K, committed 11032K, reserved 1048576K
Event: 29.600 GC heap after
Heap after GC invocations=17 (full 4):
 PSYoungGen      total 454656K, used 42141K [0x00000000e0000000, 0x0000000100000000, 0x0000000100000000)
  eden space 389632K, 0% used [0x00000000e0000000,0x00000000e0000000,0x00000000f7c80000)
  from space 65024K, 64% used [0x00000000f7c80000,0x00000000fa5a7630,0x00000000fbc00000)
  to   space 69632K, 0% used [0x00000000fbc00000,0x00000000fbc00000,0x0000000100000000)
 ParOldGen       total 305152K, used 152704K [0x00000000a0000000, 0x00000000b2a00000, 0x00000000e0000000)
  object space 305152K, 50% used [0x00000000a0000000,0x00000000a9520320,0x00000000b2a00000)
 Metaspace       used 73827K, capacity 77914K, committed 78104K, reserved 1116160K
  class space    used 9808K, capacity 10912K, committed 11032K, reserved 1048576K
}
Event: 31.460 GC heap before
{Heap before GC invocations=18 (full 4):
 PSYoungGen      total 454656K, used 431773K [0x00000000e0000000, 0x0000000100000000, 0x0000000100000000)
  eden space 389632K, 100% used [0x00000000e0000000,0x00000000f7c80000,0x00000000f7c80000)
  from space 65024K, 64% used [0x00000000f7c80000,0x00000000fa5a7630,0x00000000fbc00000)
  to   space 69632K, 0% used [0x00000000fbc00000,0x00000000fbc00000,0x0000000100000000)
 ParOldGen       total 305152K, used 152704K [0x00000000a0000000, 0x00000000b2a00000, 0x00000000e0000000)
  object space 305152K, 50% used [0x00000000a0000000,0x00000000a9520320,0x00000000b2a00000)
 Metaspace       used 74866K, capacity 78970K, committed 79256K, reserved 1118208K
  class space    used 9912K, capacity 11072K, committed 11160K, reserved 1048576K
Event: 31.654 GC heap after
Heap after GC invocations=18 (full 4):
 PSYoungGen      total 355328K, used 69623K [0x00000000e0000000, 0x0000000100000000, 0x0000000100000000)
  eden space 285696K, 0% used [0x00000000e0000000,0x00000000e0000000,0x00000000f1700000)
  from space 69632K, 99% used [0x00000000fbc00000,0x00000000ffffdc20,0x0000000100000000)
  to   space 119296K, 0% used [0x00000000f1700000,0x00000000f1700000,0x00000000f8b80000)
 ParOldGen       total 305152K, used 242460K [0x00000000a0000000, 0x00000000b2a00000, 0x00000000e0000000)
  object space 305152K, 79% used [0x00000000a0000000,0x00000000aecc7048,0x00000000b2a00000)
 Metaspace       used 74866K, capacity 78970K, committed 79256K, reserved 1118208K
  class space    used 9912K, capacity 11072K, committed 11160K, reserved 1048576K
}
Event: 35.160 GC heap before
{Heap before GC invocations=19 (full 4):
 PSYoungGen      total 355328K, used 355319K [0x00000000e0000000, 0x0000000100000000, 0x0000000100000000)
  eden space 285696K, 100% used [0x00000000e0000000,0x00000000f1700000,0x00000000f1700000)
  from space 69632K, 99% used [0x00000000fbc00000,0x00000000ffffdc20,0x0000000100000000)
  to   space 119296K, 0% used [0x00000000f1700000,0x00000000f1700000,0x00000000f8b80000)
 ParOldGen       total 305152K, used 242460K [0x00000000a0000000, 0x00000000b2a00000, 0x00000000e0000000)
  object space 305152K, 79% used [0x00000000a0000000,0x00000000aecc7048,0x00000000b2a00000)
 Metaspace       used 76194K, capacity 80282K, committed 80536K, reserved 1118208K
  class space    used 9953K, capacity 11104K, committed 11160K, reserved 1048576K
Event: 35.307 GC heap after
Heap after GC invocations=19 (full 4):
 PSYoungGen      total 404992K, used 10463K [0x00000000e0000000, 0x0000000100000000, 0x0000000100000000)
  eden space 285696K, 0% used [0x00000000e0000000,0x00000000e0000000,0x00000000f1700000)
  from space 119296K, 8% used [0x00000000f1700000,0x00000000f2137e98,0x00000000f8b80000)
  to   space 117248K, 0% used [0x00000000f8d80000,0x00000000f8d80000,0x0000000100000000)
 ParOldGen       total 311808K, used 311617K [0x00000000a0000000, 0x00000000b3080000, 0x00000000e0000000)
  object space 311808K, 99% used [0x00000000a0000000,0x00000000b30507e8,0x00000000b3080000)
 Metaspace       used 76194K, capacity 80282K, committed 80536K, reserved 1118208K
  class space    used 9953K, capacity 11104K, committed 11160K, reserved 1048576K
}
Event: 35.307 GC heap before
{Heap before GC invocations=20 (full 5):
 PSYoungGen      total 404992K, used 10463K [0x00000000e0000000, 0x0000000100000000, 0x0000000100000000)
  eden space 285696K, 0% used [0x00000000e0000000,0x00000000e0000000,0x00000000f1700000)
  from space 119296K, 8% used [0x00000000f1700000,0x00000000f2137e98,0x00000000f8b80000)
  to   space 117248K, 0% used [0x00000000f8d80000,0x00000000f8d80000,0x0000000100000000)
 ParOldGen       total 311808K, used 311617K [0x00000000a0000000, 0x00000000b3080000, 0x00000000e0000000)
  object space 311808K, 99% used [0x00000000a0000000,0x00000000b30507e8,0x00000000b3080000)
 Metaspace       used 76194K, capacity 80282K, committed 80536K, reserved 1118208K
  class space    used 9953K, capacity 11104K, committed 11160K, reserved 1048576K

