# JRE version: OpenJDK Runtime Environment (8.0_152-b01) (build 1.8.0_152-release-1248-b01)
# Java VM: OpenJDK 64-Bit Server VM (25.152-b01 mixed mode linux-amd64 compressed oops)
Heap:
 PSYoungGen      total 474112K, used 0K [0x00000000e0000000, 0x00000000ff900000, 0x0000000100000000)
  eden space 440320K, 0% used [0x00000000e0000000,0x00000000e0000000,0x00000000fae00000)
  from space 33792K, 0% used [0x00000000fd800000,0x00000000fd800000,0x00000000ff900000)
  to   space 38400K, 0% used [0x00000000fae00000,0x00000000fae00000,0x00000000fd380000)
 ParOldGen       total 731136K, used 293697K [0x00000000a0000000, 0x00000000cca00000, 0x00000000e0000000)
  object space 731136K, 40% used [0x00000000a0000000,0x00000000b1ed06c0,0x00000000cca00000)
 Metaspace       used 103097K, capacity 110528K, committed 112768K, reserved 1146880K
  class space    used 12538K, capacity 14269K, committed 14976K, reserved 1048576K
GC Heap History (10 events):
Event: 13785.007 GC heap after
Heap after GC invocations=449 (full 24):
 PSYoungGen      total 460800K, used 12928K [0x00000000e0000000, 0x00000000ff700000, 0x0000000100000000)
  eden space 418816K, 0% used [0x00000000e0000000,0x00000000e0000000,0x00000000f9900000)
  from space 41984K, 30% used [0x00000000fce00000,0x00000000fdaa0000,0x00000000ff700000)
  to   space 48128K, 0% used [0x00000000f9900000,0x00000000f9900000,0x00000000fc800000)
 ParOldGen       total 731136K, used 659526K [0x00000000a0000000, 0x00000000cca00000, 0x00000000e0000000)
  object space 731136K, 90% used [0x00000000a0000000,0x00000000c8411928,0x00000000cca00000)
 Metaspace       used 103097K, capacity 110528K, committed 112768K, reserved 1146880K
  class space    used 12538K, capacity 14269K, committed 14976K, reserved 1048576K
}
Event: 13785.460 GC heap before
{Heap before GC invocations=450 (full 24):
 PSYoungGen      total 460800K, used 431744K [0x00000000e0000000, 0x00000000ff700000, 0x0000000100000000)
  eden space 418816K, 100% used [0x00000000e0000000,0x00000000f9900000,0x00000000f9900000)
  from space 41984K, 30% used [0x00000000fce00000,0x00000000fdaa0000,0x00000000ff700000)
  to   space 48128K, 0% used [0x00000000f9900000,0x00000000f9900000,0x00000000fc800000)
 ParOldGen       total 731136K, used 659526K [0x00000000a0000000, 0x00000000cca00000, 0x00000000e0000000)
  object space 731136K, 90% used [0x00000000a0000000,0x00000000c8411928,0x00000000cca00000)
 Metaspace       used 103097K, capacity 110528K, committed 112768K, reserved 1146880K
  class space    used 12538K, capacity 14269K, committed 14976K, reserved 1048576K
Event: 13785.514 GC heap after
Heap after GC invocations=450 (full 24):
 PSYoungGen      total 466944K, used 12736K [0x00000000e0000000, 0x0000000100000000, 0x0000000100000000)
  eden space 418816K, 0% used [0x00000000e0000000,0x00000000e0000000,0x00000000f9900000)
  from space 48128K, 26% used [0x00000000f9900000,0x00000000fa570000,0x00000000fc800000)
  to   space 45568K, 0% used [0x00000000fd380000,0x00000000fd380000,0x0000000100000000)
 ParOldGen       total 731136K, used 670580K [0x00000000a0000000, 0x00000000cca00000, 0x00000000e0000000)
  object space 731136K, 91% used [0x00000000a0000000,0x00000000c8edd298,0x00000000cca00000)
 Metaspace       used 103097K, capacity 110528K, committed 112768K, reserved 1146880K
  class space    used 12538K, capacity 14269K, committed 14976K, reserved 1048576K
}
Event: 13786.113 GC heap before
{Heap before GC invocations=451 (full 24):
 PSYoungGen      total 466944K, used 431552K [0x00000000e0000000, 0x0000000100000000, 0x0000000100000000)
  eden space 418816K, 100% used [0x00000000e0000000,0x00000000f9900000,0x00000000f9900000)
  from space 48128K, 26% used [0x00000000f9900000,0x00000000fa570000,0x00000000fc800000)
  to   space 45568K, 0% used [0x00000000fd380000,0x00000000fd380000,0x0000000100000000)
 ParOldGen       total 731136K, used 670580K [0x00000000a0000000, 0x00000000cca00000, 0x00000000e0000000)
  object space 731136K, 91% used [0x00000000a0000000,0x00000000c8edd298,0x00000000cca00000)
 Metaspace       used 103097K, capacity 110528K, committed 112768K, reserved 1146880K
  class space    used 12538K, capacity 14269K, committed 14976K, reserved 1048576K
Event: 13786.165 GC heap after
Heap after GC invocations=451 (full 24):
 PSYoungGen      total 468480K, used 11424K [0x00000000e0000000, 0x00000000ff880000, 0x0000000100000000)
  eden space 430592K, 0% used [0x00000000e0000000,0x00000000e0000000,0x00000000fa480000)
  from space 37888K, 30% used [0x00000000fd380000,0x00000000fdea8000,0x00000000ff880000)
  to   space 43008K, 0% used [0x00000000fa480000,0x00000000fa480000,0x00000000fce80000)
 ParOldGen       total 731136K, used 682565K [0x00000000a0000000, 0x00000000cca00000, 0x00000000e0000000)
  object space 731136K, 93% used [0x00000000a0000000,0x00000000c9a917a0,0x00000000cca00000)
 Metaspace       used 103097K, capacity 110528K, committed 112768K, reserved 1146880K
  class space    used 12538K, capacity 14269K, committed 14976K, reserved 1048576K
}
Event: 13786.670 GC heap before
{Heap before GC invocations=452 (full 24):
 PSYoungGen      total 468480K, used 442016K [0x00000000e0000000, 0x00000000ff880000, 0x0000000100000000)
  eden space 430592K, 100% used [0x00000000e0000000,0x00000000fa480000,0x00000000fa480000)
  from space 37888K, 30% used [0x00000000fd380000,0x00000000fdea8000,0x00000000ff880000)
  to   space 43008K, 0% used [0x00000000fa480000,0x00000000fa480000,0x00000000fce80000)
 ParOldGen       total 731136K, used 682565K [0x00000000a0000000, 0x00000000cca00000, 0x00000000e0000000)
  object space 731136K, 93% used [0x00000000a0000000,0x00000000c9a917a0,0x00000000cca00000)
 Metaspace       used 103097K, capacity 110528K, committed 112768K, reserved 1146880K
  class space    used 12538K, capacity 14269K, committed 14976K, reserved 1048576K
Event: 13786.720 GC heap after
Heap after GC invocations=452 (full 24):
 PSYoungGen      total 473600K, used 12672K [0x00000000e0000000, 0x0000000100000000, 0x0000000100000000)
  eden space 430592K, 0% used [0x00000000e0000000,0x00000000e0000000,0x00000000fa480000)
  from space 43008K, 29% used [0x00000000fa480000,0x00000000fb0e0000,0x00000000fce80000)
  to   space 40960K, 0% used [0x00000000fd800000,0x00000000fd800000,0x0000000100000000)
 ParOldGen       total 731136K, used 693813K [0x00000000a0000000, 0x00000000cca00000, 0x00000000e0000000)
  object space 731136K, 94% used [0x00000000a0000000,0x00000000ca58d588,0x00000000cca00000)
 Metaspace       used 103097K, capacity 110528K, committed 112768K, reserved 1146880K
  class space    used 12538K, capacity 14269K, committed 14976K, reserved 1048576K
}
Event: 13787.349 GC heap before
{Heap before GC invocations=453 (full 24):
 PSYoungGen      total 473600K, used 443264K [0x00000000e0000000, 0x0000000100000000, 0x0000000100000000)
  eden space 430592K, 100% used [0x00000000e0000000,0x00000000fa480000,0x00000000fa480000)
  from space 43008K, 29% used [0x00000000fa480000,0x00000000fb0e0000,0x00000000fce80000)
  to   space 40960K, 0% used [0x00000000fd800000,0x00000000fd800000,0x0000000100000000)
 ParOldGen       total 731136K, used 693813K [0x00000000a0000000, 0x00000000cca00000, 0x00000000e0000000)
  object space 731136K, 94% used [0x00000000a0000000,0x00000000ca58d588,0x00000000cca00000)
 Metaspace       used 103097K, capacity 110528K, committed 112768K, reserved 1146880K
  class space    used 12538K, capacity 14269K, committed 14976K, reserved 1048576K
Event: 13787.404 GC heap after
Heap after GC invocations=453 (full 24):
 PSYoungGen      total 474112K, used 13312K [0x00000000e0000000, 0x00000000ff900000, 0x0000000100000000)
  eden space 440320K, 0% used [0x00000000e0000000,0x00000000e0000000,0x00000000fae00000)
  from space 33792K, 39% used [0x00000000fd800000,0x00000000fe500000,0x00000000ff900000)
  to   space 38400K, 0% used [0x00000000fae00000,0x00000000fae00000,0x00000000fd380000)
 ParOldGen       total 731136K, used 706187K [0x00000000a0000000, 0x00000000cca00000, 0x00000000e0000000)
  object space 731136K, 96% used [0x00000000a0000000,0x00000000cb1a2e10,0x00000000cca00000)
 Metaspace       used 103097K, capacity 110528K, committed 112768K, reserved 1146880K
  class space    used 12538K, capacity 14269K, committed 14976K, reserved 1048576K
}
Event: 13787.405 GC heap before
{Heap before GC invocations=454 (full 25):
 PSYoungGen      total 474112K, used 13312K [0x00000000e0000000, 0x00000000ff900000, 0x0000000100000000)
  eden space 440320K, 0% used [0x00000000e0000000,0x00000000e0000000,0x00000000fae00000)
  from space 33792K, 39% used [0x00000000fd800000,0x00000000fe500000,0x00000000ff900000)
  to   space 38400K, 0% used [0x00000000fae00000,0x00000000fae00000,0x00000000fd380000)
 ParOldGen       total 731136K, used 706187K [0x00000000a0000000, 0x00000000cca00000, 0x00000000e0000000)
  object space 731136K, 96% used [0x00000000a0000000,0x00000000cb1a2e10,0x00000000cca00000)
 Metaspace       used 103097K, capacity 110528K, committed 112768K, reserved 1146880K
  class space    used 12538K, capacity 14269K, committed 14976K, reserved 1048576K

