# JRE version: OpenJDK Runtime Environment (8.0_152-b06) (build 1.8.0_152-release-1136-b06)
# Java VM: OpenJDK 64-Bit Server VM (25.152-b06 mixed mode linux-amd64 compressed oops)
Heap:
 PSYoungGen      total 384512K, used 0K [0x00000000e0000000, 0x0000000100000000, 0x0000000100000000)
  eden space 304128K, 0% used [0x00000000e0000000,0x00000000e0000000,0x00000000f2900000)
  from space 80384K, 0% used [0x00000000fb180000,0x00000000fb180000,0x0000000100000000)
  to   space 110080K, 0% used [0x00000000f2900000,0x00000000f2900000,0x00000000f9480000)
 ParOldGen       total 653824K, used 235194K [0x00000000a0000000, 0x00000000c7e80000, 0x00000000e0000000)
  object space 653824K, 35% used [0x00000000a0000000,0x00000000ae5ae928,0x00000000c7e80000)
 Metaspace       used 91971K, capacity 99338K, committed 101504K, reserved 1136640K
  class space    used 11496K, capacity 13222K, committed 13952K, reserved 1048576K
GC Heap History (10 events):
Event: 4355.209 GC heap after
Heap after GC invocations=330 (full 18):
 PSYoungGen      total 411136K, used 5504K [0x00000000e0000000, 0x00000000ff100000, 0x0000000100000000)
  eden space 326656K, 0% used [0x00000000e0000000,0x00000000e0000000,0x00000000f3f00000)
  from space 84480K, 6% used [0x00000000f9e80000,0x00000000fa3e0000,0x00000000ff100000)
  to   space 91136K, 0% used [0x00000000f3f00000,0x00000000f3f00000,0x00000000f9800000)
 ParOldGen       total 653824K, used 568146K [0x00000000a0000000, 0x00000000c7e80000, 0x00000000e0000000)
  object space 653824K, 86% used [0x00000000a0000000,0x00000000c2ad4980,0x00000000c7e80000)
 Metaspace       used 92634K, capacity 101282K, committed 101504K, reserved 1136640K
  class space    used 11676K, capacity 13867K, committed 13952K, reserved 1048576K
}
Event: 4355.519 GC heap before
{Heap before GC invocations=331 (full 18):
 PSYoungGen      total 411136K, used 332160K [0x00000000e0000000, 0x00000000ff100000, 0x0000000100000000)
  eden space 326656K, 100% used [0x00000000e0000000,0x00000000f3f00000,0x00000000f3f00000)
  from space 84480K, 6% used [0x00000000f9e80000,0x00000000fa3e0000,0x00000000ff100000)
  to   space 91136K, 0% used [0x00000000f3f00000,0x00000000f3f00000,0x00000000f9800000)
 ParOldGen       total 653824K, used 568146K [0x00000000a0000000, 0x00000000c7e80000, 0x00000000e0000000)
  object space 653824K, 86% used [0x00000000a0000000,0x00000000c2ad4980,0x00000000c7e80000)
 Metaspace       used 92634K, capacity 101282K, committed 101504K, reserved 1136640K
  class space    used 11676K, capacity 13867K, committed 13952K, reserved 1048576K
Event: 4355.532 GC heap after
Heap after GC invocations=331 (full 18):
 PSYoungGen      total 417792K, used 5760K [0x00000000e0000000, 0x00000000ffd80000, 0x0000000100000000)
  eden space 326656K, 0% used [0x00000000e0000000,0x00000000e0000000,0x00000000f3f00000)
  from space 91136K, 6% used [0x00000000f3f00000,0x00000000f44a0000,0x00000000f9800000)
  to   space 86528K, 0% used [0x00000000fa900000,0x00000000fa900000,0x00000000ffd80000)
 ParOldGen       total 653824K, used 573626K [0x00000000a0000000, 0x00000000c7e80000, 0x00000000e0000000)
  object space 653824K, 87% used [0x00000000a0000000,0x00000000c302e980,0x00000000c7e80000)
 Metaspace       used 92634K, capacity 101282K, committed 101504K, reserved 1136640K
  class space    used 11676K, capacity 13867K, committed 13952K, reserved 1048576K
}
Event: 4355.838 GC heap before
{Heap before GC invocations=332 (full 18):
 PSYoungGen      total 417792K, used 332416K [0x00000000e0000000, 0x00000000ffd80000, 0x0000000100000000)
  eden space 326656K, 100% used [0x00000000e0000000,0x00000000f3f00000,0x00000000f3f00000)
  from space 91136K, 6% used [0x00000000f3f00000,0x00000000f44a0000,0x00000000f9800000)
  to   space 86528K, 0% used [0x00000000fa900000,0x00000000fa900000,0x00000000ffd80000)
 ParOldGen       total 653824K, used 573626K [0x00000000a0000000, 0x00000000c7e80000, 0x00000000e0000000)
  object space 653824K, 87% used [0x00000000a0000000,0x00000000c302e980,0x00000000c7e80000)
 Metaspace       used 92634K, capacity 101282K, committed 101504K, reserved 1136640K
  class space    used 11676K, capacity 13867K, committed 13952K, reserved 1048576K
Event: 4355.853 GC heap after
Heap after GC invocations=332 (full 18):
 PSYoungGen      total 420864K, used 6912K [0x00000000e0000000, 0x00000000ff180000, 0x0000000100000000)
  eden space 346624K, 0% used [0x00000000e0000000,0x00000000e0000000,0x00000000f5280000)
  from space 74240K, 9% used [0x00000000fa900000,0x00000000fafc0000,0x00000000ff180000)
  to   space 81408K, 0% used [0x00000000f5280000,0x00000000f5280000,0x00000000fa200000)
 ParOldGen       total 653824K, used 579378K [0x00000000a0000000, 0x00000000c7e80000, 0x00000000e0000000)
  object space 653824K, 88% used [0x00000000a0000000,0x00000000c35cc980,0x00000000c7e80000)
 Metaspace       used 92634K, capacity 101282K, committed 101504K, reserved 1136640K
  class space    used 11676K, capacity 13867K, committed 13952K, reserved 1048576K
}
Event: 4356.763 GC heap before
{Heap before GC invocations=333 (full 18):
 PSYoungGen      total 420864K, used 353536K [0x00000000e0000000, 0x00000000ff180000, 0x0000000100000000)
  eden space 346624K, 100% used [0x00000000e0000000,0x00000000f5280000,0x00000000f5280000)
  from space 74240K, 9% used [0x00000000fa900000,0x00000000fafc0000,0x00000000ff180000)
  to   space 81408K, 0% used [0x00000000f5280000,0x00000000f5280000,0x00000000fa200000)
 ParOldGen       total 653824K, used 579388K [0x00000000a0000000, 0x00000000c7e80000, 0x00000000e0000000)
  object space 653824K, 88% used [0x00000000a0000000,0x00000000c35cf2a8,0x00000000c7e80000)
 Metaspace       used 92637K, capacity 101282K, committed 101504K, reserved 1136640K
  class space    used 11676K, capacity 13867K, committed 13952K, reserved 1048576K
Event: 4356.797 GC heap after
Heap after GC invocations=333 (full 18):
 PSYoungGen      total 428032K, used 31558K [0x00000000e0000000, 0x0000000100000000, 0x0000000100000000)
  eden space 346624K, 0% used [0x00000000e0000000,0x00000000e0000000,0x00000000f5280000)
  from space 81408K, 38% used [0x00000000f5280000,0x00000000f7151888,0x00000000fa200000)
  to   space 80384K, 0% used [0x00000000fb180000,0x00000000fb180000,0x0000000100000000)
 ParOldGen       total 653824K, used 586268K [0x00000000a0000000, 0x00000000c7e80000, 0x00000000e0000000)
  object space 653824K, 89% used [0x00000000a0000000,0x00000000c3c872a8,0x00000000c7e80000)
 Metaspace       used 92637K, capacity 101282K, committed 101504K, reserved 1136640K
  class space    used 11676K, capacity 13867K, committed 13952K, reserved 1048576K
}
Event: 4357.083 GC heap before
{Heap before GC invocations=334 (full 18):
 PSYoungGen      total 428032K, used 378182K [0x00000000e0000000, 0x0000000100000000, 0x0000000100000000)
  eden space 346624K, 100% used [0x00000000e0000000,0x00000000f5280000,0x00000000f5280000)
  from space 81408K, 38% used [0x00000000f5280000,0x00000000f7151888,0x00000000fa200000)
  to   space 80384K, 0% used [0x00000000fb180000,0x00000000fb180000,0x0000000100000000)
 ParOldGen       total 653824K, used 586270K [0x00000000a0000000, 0x00000000c7e80000, 0x00000000e0000000)
  object space 653824K, 89% used [0x00000000a0000000,0x00000000c3c87a30,0x00000000c7e80000)
 Metaspace       used 92637K, capacity 101282K, committed 101504K, reserved 1136640K
  class space    used 11676K, capacity 13867K, committed 13952K, reserved 1048576K
Event: 4357.166 GC heap after
Heap after GC invocations=334 (full 18):
 PSYoungGen      total 384512K, used 80379K [0x00000000e0000000, 0x0000000100000000, 0x0000000100000000)
  eden space 304128K, 0% used [0x00000000e0000000,0x00000000e0000000,0x00000000f2900000)
  from space 80384K, 99% used [0x00000000fb180000,0x00000000ffffed80,0x0000000100000000)
  to   space 110080K, 0% used [0x00000000f2900000,0x00000000f2900000,0x00000000f9480000)
 ParOldGen       total 653824K, used 621110K [0x00000000a0000000, 0x00000000c7e80000, 0x00000000e0000000)
  object space 653824K, 94% used [0x00000000a0000000,0x00000000c5e8d8a0,0x00000000c7e80000)
 Metaspace       used 92637K, capacity 101282K, committed 101504K, reserved 1136640K
  class space    used 11676K, capacity 13867K, committed 13952K, reserved 1048576K
}
Event: 4357.166 GC heap before
{Heap before GC invocations=335 (full 19):
 PSYoungGen      total 384512K, used 80379K [0x00000000e0000000, 0x0000000100000000, 0x0000000100000000)
  eden space 304128K, 0% used [0x00000000e0000000,0x00000000e0000000,0x00000000f2900000)
  from space 80384K, 99% used [0x00000000fb180000,0x00000000ffffed80,0x0000000100000000)
  to   space 110080K, 0% used [0x00000000f2900000,0x00000000f2900000,0x00000000f9480000)
 ParOldGen       total 653824K, used 621110K [0x00000000a0000000, 0x00000000c7e80000, 0x00000000e0000000)
  object space 653824K, 94% used [0x00000000a0000000,0x00000000c5e8d8a0,0x00000000c7e80000)
 Metaspace       used 92637K, capacity 101282K, committed 101504K, reserved 1136640K
  class space    used 11676K, capacity 13867K, committed 13952K, reserved 1048576K

