# JRE version: OpenJDK Runtime Environment (8.0_152-b06) (build 1.8.0_152-release-1136-b06)
# Java VM: OpenJDK 64-Bit Server VM (25.152-b06 mixed mode linux-amd64 compressed oops)
Heap:
 PSYoungGen      total 371200K, used 0K [0x00000000e0000000, 0x0000000100000000, 0x0000000100000000)
  eden space 218112K, 0% used [0x00000000e0000000,0x00000000e0000000,0x00000000ed500000)
  from space 153088K, 0% used [0x00000000ed500000,0x00000000ed500000,0x00000000f6a80000)
  to   space 153088K, 0% used [0x00000000f6a80000,0x00000000f6a80000,0x0000000100000000)
 ParOldGen       total 627200K, used 298887K [0x00000000a0000000, 0x00000000c6480000, 0x00000000e0000000)
  object space 627200K, 47% used [0x00000000a0000000,0x00000000b23e1d50,0x00000000c6480000)
 Metaspace       used 95104K, capacity 101918K, committed 104448K, reserved 1140736K
  class space    used 11721K, capacity 13337K, committed 13824K, reserved 1048576K
GC Heap History (10 events):
Event: 14791.809 GC heap after
Heap after GC invocations=379 (full 22):
 PSYoungGen      total 398336K, used 82744K [0x00000000e0000000, 0x0000000100000000, 0x0000000100000000)
  eden space 315392K, 0% used [0x00000000e0000000,0x00000000e0000000,0x00000000f3400000)
  from space 82944K, 99% used [0x00000000f3400000,0x00000000f84ce2b8,0x00000000f8500000)
  to   space 115200K, 0% used [0x00000000f8f80000,0x00000000f8f80000,0x0000000100000000)
 ParOldGen       total 627200K, used 243763K [0x00000000a0000000, 0x00000000c6480000, 0x00000000e0000000)
  object space 627200K, 38% used [0x00000000a0000000,0x00000000aee0cf80,0x00000000c6480000)
 Metaspace       used 95903K, capacity 102748K, committed 104448K, reserved 1140736K
  class space    used 11799K, capacity 13444K, committed 13824K, reserved 1048576K
}
Event: 14793.057 GC heap before
{Heap before GC invocations=380 (full 22):
 PSYoungGen      total 398336K, used 398136K [0x00000000e0000000, 0x0000000100000000, 0x0000000100000000)
  eden space 315392K, 100% used [0x00000000e0000000,0x00000000f3400000,0x00000000f3400000)
  from space 82944K, 99% used [0x00000000f3400000,0x00000000f84ce2b8,0x00000000f8500000)
  to   space 115200K, 0% used [0x00000000f8f80000,0x00000000f8f80000,0x0000000100000000)
 ParOldGen       total 627200K, used 243763K [0x00000000a0000000, 0x00000000c6480000, 0x00000000e0000000)
  object space 627200K, 38% used [0x00000000a0000000,0x00000000aee0cf80,0x00000000c6480000)
 Metaspace       used 95950K, capacity 102812K, committed 104448K, reserved 1140736K
  class space    used 11799K, capacity 13444K, committed 13824K, reserved 1048576K
Event: 14793.485 GC heap after
Heap after GC invocations=380 (full 22):
 PSYoungGen      total 413696K, used 48095K [0x00000000e0000000, 0x0000000100000000, 0x0000000100000000)
  eden space 298496K, 0% used [0x00000000e0000000,0x00000000e0000000,0x00000000f2380000)
  from space 115200K, 41% used [0x00000000f8f80000,0x00000000fbe77cc8,0x0000000100000000)
  to   space 110592K, 0% used [0x00000000f2380000,0x00000000f2380000,0x00000000f8f80000)
 ParOldGen       total 627200K, used 308403K [0x00000000a0000000, 0x00000000c6480000, 0x00000000e0000000)
  object space 627200K, 49% used [0x00000000a0000000,0x00000000b2d2cef0,0x00000000c6480000)
 Metaspace       used 95950K, capacity 102812K, committed 104448K, reserved 1140736K
  class space    used 11799K, capacity 13444K, committed 13824K, reserved 1048576K
}
Event: 14794.278 GC heap before
{Heap before GC invocations=381 (full 22):
 PSYoungGen      total 413696K, used 346591K [0x00000000e0000000, 0x0000000100000000, 0x0000000100000000)
  eden space 298496K, 100% used [0x00000000e0000000,0x00000000f2380000,0x00000000f2380000)
  from space 115200K, 41% used [0x00000000f8f80000,0x00000000fbe77cc8,0x0000000100000000)
  to   space 110592K, 0% used [0x00000000f2380000,0x00000000f2380000,0x00000000f8f80000)
 ParOldGen       total 627200K, used 308403K [0x00000000a0000000, 0x00000000c6480000, 0x00000000e0000000)
  object space 627200K, 49% used [0x00000000a0000000,0x00000000b2d2cef0,0x00000000c6480000)
 Metaspace       used 95950K, capacity 102812K, committed 104448K, reserved 1140736K
  class space    used 11799K, capacity 13444K, committed 13824K, reserved 1048576K
Event: 14794.446 GC heap after
Heap after GC invocations=381 (full 22):
 PSYoungGen      total 409088K, used 110563K [0x00000000e0000000, 0x0000000100000000, 0x0000000100000000)
  eden space 298496K, 0% used [0x00000000e0000000,0x00000000e0000000,0x00000000f2380000)
  from space 110592K, 99% used [0x00000000f2380000,0x00000000f8f78e48,0x00000000f8f80000)
  to   space 115200K, 0% used [0x00000000f8f80000,0x00000000f8f80000,0x0000000100000000)
 ParOldGen       total 627200K, used 384977K [0x00000000a0000000, 0x00000000c6480000, 0x00000000e0000000)
  object space 627200K, 61% used [0x00000000a0000000,0x00000000b77f4478,0x00000000c6480000)
 Metaspace       used 95950K, capacity 102812K, committed 104448K, reserved 1140736K
  class space    used 11799K, capacity 13444K, committed 13824K, reserved 1048576K
}
Event: 14795.373 GC heap before
{Heap before GC invocations=382 (full 22):
 PSYoungGen      total 409088K, used 409059K [0x00000000e0000000, 0x0000000100000000, 0x0000000100000000)
  eden space 298496K, 100% used [0x00000000e0000000,0x00000000f2380000,0x00000000f2380000)
  from space 110592K, 99% used [0x00000000f2380000,0x00000000f8f78e48,0x00000000f8f80000)
  to   space 115200K, 0% used [0x00000000f8f80000,0x00000000f8f80000,0x0000000100000000)
 ParOldGen       total 627200K, used 384977K [0x00000000a0000000, 0x00000000c6480000, 0x00000000e0000000)
  object space 627200K, 61% used [0x00000000a0000000,0x00000000b77f4478,0x00000000c6480000)
 Metaspace       used 95951K, capacity 102812K, committed 104448K, reserved 1140736K
  class space    used 11799K, capacity 13444K, committed 13824K, reserved 1048576K
Event: 14795.559 GC heap after
Heap after GC invocations=382 (full 22):
 PSYoungGen      total 333312K, used 70656K [0x00000000e0000000, 0x0000000100000000, 0x0000000100000000)
  eden space 218112K, 0% used [0x00000000e0000000,0x00000000e0000000,0x00000000ed500000)
  from space 115200K, 61% used [0x00000000f8f80000,0x00000000fd480000,0x0000000100000000)
  to   space 153088K, 0% used [0x00000000ed500000,0x00000000ed500000,0x00000000f6a80000)
 ParOldGen       total 627200K, used 471371K [0x00000000a0000000, 0x00000000c6480000, 0x00000000e0000000)
  object space 627200K, 75% used [0x00000000a0000000,0x00000000bcc52c30,0x00000000c6480000)
 Metaspace       used 95951K, capacity 102812K, committed 104448K, reserved 1140736K
  class space    used 11799K, capacity 13444K, committed 13824K, reserved 1048576K
}
Event: 14796.550 GC heap before
{Heap before GC invocations=383 (full 22):
 PSYoungGen      total 333312K, used 288768K [0x00000000e0000000, 0x0000000100000000, 0x0000000100000000)
  eden space 218112K, 100% used [0x00000000e0000000,0x00000000ed500000,0x00000000ed500000)
  from space 115200K, 61% used [0x00000000f8f80000,0x00000000fd480000,0x0000000100000000)
  to   space 153088K, 0% used [0x00000000ed500000,0x00000000ed500000,0x00000000f6a80000)
 ParOldGen       total 627200K, used 471371K [0x00000000a0000000, 0x00000000c6480000, 0x00000000e0000000)
  object space 627200K, 75% used [0x00000000a0000000,0x00000000bcc52c30,0x00000000c6480000)
 Metaspace       used 95951K, capacity 102812K, committed 104448K, reserved 1140736K
  class space    used 11799K, capacity 13444K, committed 13824K, reserved 1048576K
Event: 14796.708 GC heap after
Heap after GC invocations=383 (full 22):
 PSYoungGen      total 371200K, used 572K [0x00000000e0000000, 0x0000000100000000, 0x0000000100000000)
  eden space 218112K, 0% used [0x00000000e0000000,0x00000000e0000000,0x00000000ed500000)
  from space 153088K, 0% used [0x00000000ed500000,0x00000000ed58f010,0x00000000f6a80000)
  to   space 153088K, 0% used [0x00000000f6a80000,0x00000000f6a80000,0x0000000100000000)
 ParOldGen       total 627200K, used 542304K [0x00000000a0000000, 0x00000000c6480000, 0x00000000e0000000)
  object space 627200K, 86% used [0x00000000a0000000,0x00000000c1198168,0x00000000c6480000)
 Metaspace       used 95951K, capacity 102812K, committed 104448K, reserved 1140736K
  class space    used 11799K, capacity 13444K, committed 13824K, reserved 1048576K
}
Event: 14796.708 GC heap before
{Heap before GC invocations=384 (full 23):
 PSYoungGen      total 371200K, used 572K [0x00000000e0000000, 0x0000000100000000, 0x0000000100000000)
  eden space 218112K, 0% used [0x00000000e0000000,0x00000000e0000000,0x00000000ed500000)
  from space 153088K, 0% used [0x00000000ed500000,0x00000000ed58f010,0x00000000f6a80000)
  to   space 153088K, 0% used [0x00000000f6a80000,0x00000000f6a80000,0x0000000100000000)
 ParOldGen       total 627200K, used 542304K [0x00000000a0000000, 0x00000000c6480000, 0x00000000e0000000)
  object space 627200K, 86% used [0x00000000a0000000,0x00000000c1198168,0x00000000c6480000)
 Metaspace       used 95951K, capacity 102812K, committed 104448K, reserved 1140736K
  class space    used 11799K, capacity 13444K, committed 13824K, reserved 1048576K

