# JRE version: OpenJDK Runtime Environment (8.0_152-b01) (build 1.8.0_152-release-1248-b01)
# Java VM: OpenJDK 64-Bit Server VM (25.152-b01 mixed mode linux-amd64 compressed oops)
Heap:
 PSYoungGen      total 347136K, used 0K [0x00000000e0000000, 0x0000000100000000, 0x0000000100000000)
  eden space 208896K, 0% used [0x00000000e0000000,0x00000000e0000000,0x00000000ecc00000)
  from space 138240K, 0% used [0x00000000f7900000,0x00000000f7900000,0x0000000100000000)
  to   space 157696K, 0% used [0x00000000ecc00000,0x00000000ecc00000,0x00000000f6600000)
 ParOldGen       total 361984K, used 343872K [0x00000000a0000000, 0x00000000b6180000, 0x00000000e0000000)
  object space 361984K, 94% used [0x00000000a0000000,0x00000000b4fd0130,0x00000000b6180000)
 Metaspace       used 94883K, capacity 102548K, committed 102808K, reserved 1138688K
  class space    used 12193K, capacity 14111K, committed 14232K, reserved 1048576K
GC Heap History (10 events):
Event: 505.320 GC heap after
Heap after GC invocations=33 (full 5):
 PSYoungGen      total 374784K, used 0K [0x00000000e0000000, 0x0000000100000000, 0x0000000100000000)
  eden space 251904K, 0% used [0x00000000e0000000,0x00000000e0000000,0x00000000ef600000)
  from space 122880K, 0% used [0x00000000f8800000,0x00000000f8800000,0x0000000100000000)
  to   space 136192K, 0% used [0x00000000ef600000,0x00000000ef600000,0x00000000f7b00000)
 ParOldGen       total 361984K, used 171680K [0x00000000a0000000, 0x00000000b6180000, 0x00000000e0000000)
  object space 361984K, 47% used [0x00000000a0000000,0x00000000aa7a82e0,0x00000000b6180000)
 Metaspace       used 90843K, capacity 98434K, committed 98712K, reserved 1134592K
  class space    used 11929K, capacity 13852K, committed 13976K, reserved 1048576K
}
Event: 508.521 GC heap before
{Heap before GC invocations=34 (full 5):
 PSYoungGen      total 374784K, used 251904K [0x00000000e0000000, 0x0000000100000000, 0x0000000100000000)
  eden space 251904K, 100% used [0x00000000e0000000,0x00000000ef600000,0x00000000ef600000)
  from space 122880K, 0% used [0x00000000f8800000,0x00000000f8800000,0x0000000100000000)
  to   space 136192K, 0% used [0x00000000ef600000,0x00000000ef600000,0x00000000f7b00000)
 ParOldGen       total 361984K, used 171680K [0x00000000a0000000, 0x00000000b6180000, 0x00000000e0000000)
  object space 361984K, 47% used [0x00000000a0000000,0x00000000aa7a82e0,0x00000000b6180000)
 Metaspace       used 92264K, capacity 99938K, committed 100248K, reserved 1136640K
  class space    used 12011K, capacity 13948K, committed 13976K, reserved 1048576K
Event: 508.617 GC heap after
Heap after GC invocations=34 (full 5):
 PSYoungGen      total 388096K, used 54230K [0x00000000e0000000, 0x0000000100000000, 0x0000000100000000)
  eden space 251904K, 0% used [0x00000000e0000000,0x00000000e0000000,0x00000000ef600000)
  from space 136192K, 39% used [0x00000000ef600000,0x00000000f2af5950,0x00000000f7b00000)
  to   space 130048K, 0% used [0x00000000f8100000,0x00000000f8100000,0x0000000100000000)
 ParOldGen       total 361984K, used 171680K [0x00000000a0000000, 0x00000000b6180000, 0x00000000e0000000)
  object space 361984K, 47% used [0x00000000a0000000,0x00000000aa7a82e0,0x00000000b6180000)
 Metaspace       used 92264K, capacity 99938K, committed 100248K, reserved 1136640K
  class space    used 12011K, capacity 13948K, committed 13976K, reserved 1048576K
}
Event: 510.089 GC heap before
{Heap before GC invocations=35 (full 5):
 PSYoungGen      total 388096K, used 306134K [0x00000000e0000000, 0x0000000100000000, 0x0000000100000000)
  eden space 251904K, 100% used [0x00000000e0000000,0x00000000ef600000,0x00000000ef600000)
  from space 136192K, 39% used [0x00000000ef600000,0x00000000f2af5950,0x00000000f7b00000)
  to   space 130048K, 0% used [0x00000000f8100000,0x00000000f8100000,0x0000000100000000)
 ParOldGen       total 361984K, used 171680K [0x00000000a0000000, 0x00000000b6180000, 0x00000000e0000000)
  object space 361984K, 47% used [0x00000000a0000000,0x00000000aa7a82e0,0x00000000b6180000)
 Metaspace       used 92915K, capacity 100500K, committed 100888K, reserved 1136640K
  class space    used 12064K, capacity 13983K, committed 14104K, reserved 1048576K
Event: 510.204 GC heap after
Heap after GC invocations=35 (full 5):
 PSYoungGen      total 377856K, used 73559K [0x00000000e0000000, 0x00000000ff600000, 0x0000000100000000)
  eden space 258048K, 0% used [0x00000000e0000000,0x00000000e0000000,0x00000000efc00000)
  from space 119808K, 61% used [0x00000000f8100000,0x00000000fc8d5ea0,0x00000000ff600000)
  to   space 128000K, 0% used [0x00000000efc00000,0x00000000efc00000,0x00000000f7900000)
 ParOldGen       total 361984K, used 171680K [0x00000000a0000000, 0x00000000b6180000, 0x00000000e0000000)
  object space 361984K, 47% used [0x00000000a0000000,0x00000000aa7a82e0,0x00000000b6180000)
 Metaspace       used 92915K, capacity 100500K, committed 100888K, reserved 1136640K
  class space    used 12064K, capacity 13983K, committed 14104K, reserved 1048576K
}
Event: 511.871 GC heap before
{Heap before GC invocations=36 (full 5):
 PSYoungGen      total 377856K, used 331607K [0x00000000e0000000, 0x00000000ff600000, 0x0000000100000000)
  eden space 258048K, 100% used [0x00000000e0000000,0x00000000efc00000,0x00000000efc00000)
  from space 119808K, 61% used [0x00000000f8100000,0x00000000fc8d5ea0,0x00000000ff600000)
  to   space 128000K, 0% used [0x00000000efc00000,0x00000000efc00000,0x00000000f7900000)
 ParOldGen       total 361984K, used 171680K [0x00000000a0000000, 0x00000000b6180000, 0x00000000e0000000)
  object space 361984K, 47% used [0x00000000a0000000,0x00000000aa7a82e0,0x00000000b6180000)
 Metaspace       used 92944K, capacity 100564K, committed 100888K, reserved 1136640K
  class space    used 12064K, capacity 13983K, committed 14104K, reserved 1048576K
Event: 512.095 GC heap after
Heap after GC invocations=36 (full 5):
 PSYoungGen      total 386048K, used 127980K [0x00000000e0000000, 0x0000000100000000, 0x0000000100000000)
  eden space 258048K, 0% used [0x00000000e0000000,0x00000000e0000000,0x00000000efc00000)
  from space 128000K, 99% used [0x00000000efc00000,0x00000000f78fb298,0x00000000f7900000)
  to   space 138240K, 0% used [0x00000000f7900000,0x00000000f7900000,0x0000000100000000)
 ParOldGen       total 361984K, used 225279K [0x00000000a0000000, 0x00000000b6180000, 0x00000000e0000000)
  object space 361984K, 62% used [0x00000000a0000000,0x00000000adbffe58,0x00000000b6180000)
 Metaspace       used 92944K, capacity 100564K, committed 100888K, reserved 1136640K
  class space    used 12064K, capacity 13983K, committed 14104K, reserved 1048576K
}
Event: 516.229 GC heap before
{Heap before GC invocations=37 (full 5):
 PSYoungGen      total 386048K, used 386028K [0x00000000e0000000, 0x0000000100000000, 0x0000000100000000)
  eden space 258048K, 100% used [0x00000000e0000000,0x00000000efc00000,0x00000000efc00000)
  from space 128000K, 99% used [0x00000000efc00000,0x00000000f78fb298,0x00000000f7900000)
  to   space 138240K, 0% used [0x00000000f7900000,0x00000000f7900000,0x0000000100000000)
 ParOldGen       total 361984K, used 225279K [0x00000000a0000000, 0x00000000b6180000, 0x00000000e0000000)
  object space 361984K, 62% used [0x00000000a0000000,0x00000000adbffe58,0x00000000b6180000)
 Metaspace       used 94883K, capacity 102548K, committed 102808K, reserved 1138688K
  class space    used 12193K, capacity 14111K, committed 14232K, reserved 1048576K
Event: 516.463 GC heap after
Heap after GC invocations=37 (full 5):
 PSYoungGen      total 347136K, used 66895K [0x00000000e0000000, 0x0000000100000000, 0x0000000100000000)
  eden space 208896K, 0% used [0x00000000e0000000,0x00000000e0000000,0x00000000ecc00000)
  from space 138240K, 48% used [0x00000000f7900000,0x00000000fba53fc0,0x0000000100000000)
  to   space 157696K, 0% used [0x00000000ecc00000,0x00000000ecc00000,0x00000000f6600000)
 ParOldGen       total 361984K, used 294904K [0x00000000a0000000, 0x00000000b6180000, 0x00000000e0000000)
  object space 361984K, 81% used [0x00000000a0000000,0x00000000b1ffe238,0x00000000b6180000)
 Metaspace       used 94883K, capacity 102548K, committed 102808K, reserved 1138688K
  class space    used 12193K, capacity 14111K, committed 14232K, reserved 1048576K
}
Event: 516.463 GC heap before
{Heap before GC invocations=38 (full 6):
 PSYoungGen      total 347136K, used 66895K [0x00000000e0000000, 0x0000000100000000, 0x0000000100000000)
  eden space 208896K, 0% used [0x00000000e0000000,0x00000000e0000000,0x00000000ecc00000)
  from space 138240K, 48% used [0x00000000f7900000,0x00000000fba53fc0,0x0000000100000000)
  to   space 157696K, 0% used [0x00000000ecc00000,0x00000000ecc00000,0x00000000f6600000)
 ParOldGen       total 361984K, used 294904K [0x00000000a0000000, 0x00000000b6180000, 0x00000000e0000000)
  object space 361984K, 81% used [0x00000000a0000000,0x00000000b1ffe238,0x00000000b6180000)
 Metaspace       used 94883K, capacity 102548K, committed 102808K, reserved 1138688K
  class space    used 12193K, capacity 14111K, committed 14232K, reserved 1048576K

