# JRE version: OpenJDK Runtime Environment (8.0_152) (build 1.8.0_152-release-1343-b16-5323222)
# Java VM: OpenJDK 64-Bit Server VM (25.152-b16-5323222 mixed mode linux-amd64 compressed oops)
Heap:
 PSYoungGen      total 320000K, used 30632K [0x00000000e0000000, 0x0000000100000000, 0x0000000100000000)
  eden space 241664K, 0% used [0x00000000e0000000,0x00000000e0000000,0x00000000eec00000)
  from space 78336K, 39% used [0x00000000fb380000,0x00000000fd16a388,0x0000000100000000)
  to   space 141312K, 0% used [0x00000000eec00000,0x00000000eec00000,0x00000000f7600000)
 ParOldGen       total 242688K, used 242203K [0x00000000a0000000, 0x00000000aed00000, 0x00000000e0000000)
  object space 242688K, 99% used [0x00000000a0000000,0x00000000aec86d10,0x00000000aed00000)
 Metaspace       used 69988K, capacity 73932K, committed 74032K, reserved 1112064K
  class space    used 9414K, capacity 10512K, committed 10544K, reserved 1048576K
GC Heap History (10 events):
Event: 39.136 GC heap after
Heap after GC invocations=13 (full 3):
 PSYoungGen      total 304640K, used 30382K [0x00000000e0000000, 0x00000000f5b80000, 0x0000000100000000)
  eden space 273920K, 0% used [0x00000000e0000000,0x00000000e0000000,0x00000000f0b80000)
  from space 30720K, 98% used [0x00000000f3d80000,0x00000000f5b2b868,0x00000000f5b80000)
  to   space 35328K, 0% used [0x00000000f1680000,0x00000000f1680000,0x00000000f3900000)
 ParOldGen       total 164352K, used 47542K [0x00000000a0000000, 0x00000000aa080000, 0x00000000e0000000)
  object space 164352K, 28% used [0x00000000a0000000,0x00000000a2e6d9c0,0x00000000aa080000)
 Metaspace       used 61590K, capacity 65126K, committed 65328K, reserved 1105920K
  class space    used 8404K, capacity 9474K, committed 9520K, reserved 1048576K
}
Event: 49.342 GC heap before
{Heap before GC invocations=14 (full 3):
 PSYoungGen      total 304640K, used 304302K [0x00000000e0000000, 0x00000000f5b80000, 0x0000000100000000)
  eden space 273920K, 100% used [0x00000000e0000000,0x00000000f0b80000,0x00000000f0b80000)
  from space 30720K, 98% used [0x00000000f3d80000,0x00000000f5b2b868,0x00000000f5b80000)
  to   space 35328K, 0% used [0x00000000f1680000,0x00000000f1680000,0x00000000f3900000)
 ParOldGen       total 164352K, used 47542K [0x00000000a0000000, 0x00000000aa080000, 0x00000000e0000000)
  object space 164352K, 28% used [0x00000000a0000000,0x00000000a2e6d9c0,0x00000000aa080000)
 Metaspace       used 67662K, capacity 71326K, committed 71472K, reserved 1110016K
  class space    used 9140K, capacity 10227K, committed 10288K, reserved 1048576K
Event: 49.693 GC heap after
Heap after GC invocations=14 (full 3):
 PSYoungGen      total 320512K, used 35316K [0x00000000e0000000, 0x00000000fb680000, 0x0000000100000000)
  eden space 285184K, 0% used [0x00000000e0000000,0x00000000e0000000,0x00000000f1680000)
  from space 35328K, 99% used [0x00000000f1680000,0x00000000f38fd0c0,0x00000000f3900000)
  to   space 55808K, 0% used [0x00000000f8000000,0x00000000f8000000,0x00000000fb680000)
 ParOldGen       total 164352K, used 88601K [0x00000000a0000000, 0x00000000aa080000, 0x00000000e0000000)
  object space 164352K, 53% used [0x00000000a0000000,0x00000000a5686610,0x00000000aa080000)
 Metaspace       used 67662K, capacity 71326K, committed 71472K, reserved 1110016K
  class space    used 9140K, capacity 10227K, committed 10288K, reserved 1048576K
}
Event: 62.702 GC heap before
{Heap before GC invocations=15 (full 3):
 PSYoungGen      total 320512K, used 320500K [0x00000000e0000000, 0x00000000fb680000, 0x0000000100000000)
  eden space 285184K, 100% used [0x00000000e0000000,0x00000000f1680000,0x00000000f1680000)
  from space 35328K, 99% used [0x00000000f1680000,0x00000000f38fd0c0,0x00000000f3900000)
  to   space 55808K, 0% used [0x00000000f8000000,0x00000000f8000000,0x00000000fb680000)
 ParOldGen       total 164352K, used 88601K [0x00000000a0000000, 0x00000000aa080000, 0x00000000e0000000)
  object space 164352K, 53% used [0x00000000a0000000,0x00000000a5686610,0x00000000aa080000)
 Metaspace       used 68829K, capacity 72720K, committed 72880K, reserved 1112064K
  class space    used 9265K, capacity 10370K, committed 10416K, reserved 1048576K
Event: 62.931 GC heap after
Heap after GC invocations=15 (full 3):
 PSYoungGen      total 387584K, used 45488K [0x00000000e0000000, 0x00000000fcc00000, 0x0000000100000000)
  eden space 331776K, 0% used [0x00000000e0000000,0x00000000e0000000,0x00000000f4400000)
  from space 55808K, 81% used [0x00000000f8000000,0x00000000fac6c150,0x00000000fb680000)
  to   space 61440K, 0% used [0x00000000f4400000,0x00000000f4400000,0x00000000f8000000)
 ParOldGen       total 164352K, used 88601K [0x00000000a0000000, 0x00000000aa080000, 0x00000000e0000000)
  object space 164352K, 53% used [0x00000000a0000000,0x00000000a5686610,0x00000000aa080000)
 Metaspace       used 68829K, capacity 72720K, committed 72880K, reserved 1112064K
  class space    used 9265K, capacity 10370K, committed 10416K, reserved 1048576K
}
Event: 67.234 GC heap before
{Heap before GC invocations=16 (full 3):
 PSYoungGen      total 387584K, used 377264K [0x00000000e0000000, 0x00000000fcc00000, 0x0000000100000000)
  eden space 331776K, 100% used [0x00000000e0000000,0x00000000f4400000,0x00000000f4400000)
  from space 55808K, 81% used [0x00000000f8000000,0x00000000fac6c150,0x00000000fb680000)
  to   space 61440K, 0% used [0x00000000f4400000,0x00000000f4400000,0x00000000f8000000)
 ParOldGen       total 164352K, used 88601K [0x00000000a0000000, 0x00000000aa080000, 0x00000000e0000000)
  object space 164352K, 53% used [0x00000000a0000000,0x00000000a5686610,0x00000000aa080000)
 Metaspace       used 69908K, capacity 73868K, committed 74032K, reserved 1112064K
  class space    used 9408K, capacity 10512K, committed 10544K, reserved 1048576K
Event: 67.547 GC heap after
Heap after GC invocations=16 (full 3):
 PSYoungGen      total 393216K, used 61436K [0x00000000e0000000, 0x0000000100000000, 0x0000000100000000)
  eden space 331776K, 0% used [0x00000000e0000000,0x00000000e0000000,0x00000000f4400000)
  from space 61440K, 99% used [0x00000000f4400000,0x00000000f7fff260,0x00000000f8000000)
  to   space 78336K, 0% used [0x00000000fb380000,0x00000000fb380000,0x0000000100000000)
 ParOldGen       total 164352K, used 106871K [0x00000000a0000000, 0x00000000aa080000, 0x00000000e0000000)
  object space 164352K, 65% used [0x00000000a0000000,0x00000000a685dee0,0x00000000aa080000)
 Metaspace       used 69908K, capacity 73868K, committed 74032K, reserved 1112064K
  class space    used 9408K, capacity 10512K, committed 10544K, reserved 1048576K
}
Event: 70.167 GC heap before
{Heap before GC invocations=17 (full 3):
 PSYoungGen      total 393216K, used 393212K [0x00000000e0000000, 0x0000000100000000, 0x0000000100000000)
  eden space 331776K, 100% used [0x00000000e0000000,0x00000000f4400000,0x00000000f4400000)
  from space 61440K, 99% used [0x00000000f4400000,0x00000000f7fff260,0x00000000f8000000)
  to   space 78336K, 0% used [0x00000000fb380000,0x00000000fb380000,0x0000000100000000)
 ParOldGen       total 164352K, used 106871K [0x00000000a0000000, 0x00000000aa080000, 0x00000000e0000000)
  object space 164352K, 65% used [0x00000000a0000000,0x00000000a685dee0,0x00000000aa080000)
 Metaspace       used 69988K, capacity 73932K, committed 74032K, reserved 1112064K
  class space    used 9414K, capacity 10512K, committed 10544K, reserved 1048576K
Event: 71.814 GC heap after
Heap after GC invocations=17 (full 3):
 PSYoungGen      total 320000K, used 78304K [0x00000000e0000000, 0x0000000100000000, 0x0000000100000000)
  eden space 241664K, 0% used [0x00000000e0000000,0x00000000e0000000,0x00000000eec00000)
  from space 78336K, 99% used [0x00000000fb380000,0x00000000ffff8260,0x0000000100000000)
  to   space 141312K, 0% used [0x00000000eec00000,0x00000000eec00000,0x00000000f7600000)
 ParOldGen       total 242688K, used 242200K [0x00000000a0000000, 0x00000000aed00000, 0x00000000e0000000)
  object space 242688K, 99% used [0x00000000a0000000,0x00000000aec86398,0x00000000aed00000)
 Metaspace       used 69988K, capacity 73932K, committed 74032K, reserved 1112064K
  class space    used 9414K, capacity 10512K, committed 10544K, reserved 1048576K
}
Event: 71.818 GC heap before
{Heap before GC invocations=18 (full 4):
 PSYoungGen      total 320000K, used 78304K [0x00000000e0000000, 0x0000000100000000, 0x0000000100000000)
  eden space 241664K, 0% used [0x00000000e0000000,0x00000000e0000000,0x00000000eec00000)
  from space 78336K, 99% used [0x00000000fb380000,0x00000000ffff8260,0x0000000100000000)
  to   space 141312K, 0% used [0x00000000eec00000,0x00000000eec00000,0x00000000f7600000)
 ParOldGen       total 242688K, used 242200K [0x00000000a0000000, 0x00000000aed00000, 0x00000000e0000000)
  object space 242688K, 99% used [0x00000000a0000000,0x00000000aec86398,0x00000000aed00000)
 Metaspace       used 69988K, capacity 73932K, committed 74032K, reserved 1112064K
  class space    used 9414K, capacity 10512K, committed 10544K, reserved 1048576K

