# JRE version: OpenJDK Runtime Environment (8.0_152-b01) (build 1.8.0_152-release-1248-b01)
# Java VM: OpenJDK 64-Bit Server VM (25.152-b01 mixed mode linux-amd64 compressed oops)
Heap:
 PSYoungGen      total 407552K, used 0K [0x00000000e0000000, 0x0000000100000000, 0x0000000100000000)
  eden space 319488K, 0% used [0x00000000e0000000,0x00000000e0000000,0x00000000f3800000)
  from space 88064K, 0% used [0x00000000faa00000,0x00000000faa00000,0x0000000100000000)
  to   space 102400K, 0% used [0x00000000f3800000,0x00000000f3800000,0x00000000f9c00000)
 ParOldGen       total 769024K, used 296305K [0x00000000a0000000, 0x00000000cef00000, 0x00000000e0000000)
  object space 769024K, 38% used [0x00000000a0000000,0x00000000b215c588,0x00000000cef00000)
 Metaspace       used 93844K, capacity 100708K, committed 102016K, reserved 1138688K
  class space    used 11569K, capacity 13240K, committed 13440K, reserved 1048576K
GC Heap History (10 events):
Event: 23460.973 GC heap after
Heap after GC invocations=425 (full 23):
 PSYoungGen      total 420352K, used 6560K [0x00000000e0000000, 0x00000000ff100000, 0x0000000100000000)
  eden space 336896K, 0% used [0x00000000e0000000,0x00000000e0000000,0x00000000f4900000)
  from space 83456K, 7% used [0x00000000f9f80000,0x00000000fa5e8000,0x00000000ff100000)
  to   space 86016K, 0% used [0x00000000f4900000,0x00000000f4900000,0x00000000f9d00000)
 ParOldGen       total 769024K, used 670730K [0x00000000a0000000, 0x00000000cef00000, 0x00000000e0000000)
  object space 769024K, 87% used [0x00000000a0000000,0x00000000c8f02880,0x00000000cef00000)
 Metaspace       used 94702K, capacity 101666K, committed 102016K, reserved 1138688K
  class space    used 11648K, capacity 13347K, committed 13440K, reserved 1048576K
}
Event: 23463.310 GC heap before
{Heap before GC invocations=426 (full 23):
 PSYoungGen      total 420352K, used 343456K [0x00000000e0000000, 0x00000000ff100000, 0x0000000100000000)
  eden space 336896K, 100% used [0x00000000e0000000,0x00000000f4900000,0x00000000f4900000)
  from space 83456K, 7% used [0x00000000f9f80000,0x00000000fa5e8000,0x00000000ff100000)
  to   space 86016K, 0% used [0x00000000f4900000,0x00000000f4900000,0x00000000f9d00000)
 ParOldGen       total 769024K, used 670730K [0x00000000a0000000, 0x00000000cef00000, 0x00000000e0000000)
  object space 769024K, 87% used [0x00000000a0000000,0x00000000c8f02880,0x00000000cef00000)
 Metaspace       used 94702K, capacity 101666K, committed 102016K, reserved 1138688K
  class space    used 11648K, capacity 13347K, committed 13440K, reserved 1048576K
Event: 23463.394 GC heap after
Heap after GC invocations=426 (full 23):
 PSYoungGen      total 422912K, used 4166K [0x00000000e0000000, 0x00000000ff980000, 0x0000000100000000)
  eden space 336896K, 0% used [0x00000000e0000000,0x00000000e0000000,0x00000000f4900000)
  from space 86016K, 4% used [0x00000000f4900000,0x00000000f4d11a30,0x00000000f9d00000)
  to   space 81408K, 0% used [0x00000000faa00000,0x00000000faa00000,0x00000000ff980000)
 ParOldGen       total 769024K, used 677250K [0x00000000a0000000, 0x00000000cef00000, 0x00000000e0000000)
  object space 769024K, 88% used [0x00000000a0000000,0x00000000c9560880,0x00000000cef00000)
 Metaspace       used 94702K, capacity 101666K, committed 102016K, reserved 1138688K
  class space    used 11648K, capacity 13347K, committed 13440K, reserved 1048576K
}
Event: 23465.512 GC heap before
{Heap before GC invocations=427 (full 23):
 PSYoungGen      total 422912K, used 341062K [0x00000000e0000000, 0x00000000ff980000, 0x0000000100000000)
  eden space 336896K, 100% used [0x00000000e0000000,0x00000000f4900000,0x00000000f4900000)
  from space 86016K, 4% used [0x00000000f4900000,0x00000000f4d11a30,0x00000000f9d00000)
  to   space 81408K, 0% used [0x00000000faa00000,0x00000000faa00000,0x00000000ff980000)
 ParOldGen       total 769024K, used 677250K [0x00000000a0000000, 0x00000000cef00000, 0x00000000e0000000)
  object space 769024K, 88% used [0x00000000a0000000,0x00000000c9560880,0x00000000cef00000)
 Metaspace       used 94702K, capacity 101666K, committed 102016K, reserved 1138688K
  class space    used 11648K, capacity 13347K, committed 13440K, reserved 1048576K
Event: 23465.534 GC heap after
Heap after GC invocations=427 (full 23):
 PSYoungGen      total 433152K, used 544K [0x00000000e0000000, 0x00000000ff480000, 0x0000000100000000)
  eden space 356864K, 0% used [0x00000000e0000000,0x00000000e0000000,0x00000000f5c80000)
  from space 76288K, 0% used [0x00000000faa00000,0x00000000faa88000,0x00000000ff480000)
  to   space 77824K, 0% used [0x00000000f5c80000,0x00000000f5c80000,0x00000000fa880000)
 ParOldGen       total 769024K, used 679274K [0x00000000a0000000, 0x00000000cef00000, 0x00000000e0000000)
  object space 769024K, 88% used [0x00000000a0000000,0x00000000c975a8a0,0x00000000cef00000)
 Metaspace       used 94702K, capacity 101666K, committed 102016K, reserved 1138688K
  class space    used 11648K, capacity 13347K, committed 13440K, reserved 1048576K
}
Event: 23466.122 GC heap before
{Heap before GC invocations=428 (full 23):
 PSYoungGen      total 433152K, used 357408K [0x00000000e0000000, 0x00000000ff480000, 0x0000000100000000)
  eden space 356864K, 100% used [0x00000000e0000000,0x00000000f5c80000,0x00000000f5c80000)
  from space 76288K, 0% used [0x00000000faa00000,0x00000000faa88000,0x00000000ff480000)
  to   space 77824K, 0% used [0x00000000f5c80000,0x00000000f5c80000,0x00000000fa880000)
 ParOldGen       total 769024K, used 679274K [0x00000000a0000000, 0x00000000cef00000, 0x00000000e0000000)
  object space 769024K, 88% used [0x00000000a0000000,0x00000000c975a8a0,0x00000000cef00000)
 Metaspace       used 94702K, capacity 101666K, committed 102016K, reserved 1138688K
  class space    used 11648K, capacity 13347K, committed 13440K, reserved 1048576K
Event: 23466.219 GC heap after
Heap after GC invocations=428 (full 23):
 PSYoungGen      total 434688K, used 60053K [0x00000000e0000000, 0x0000000100000000, 0x0000000100000000)
  eden space 356864K, 0% used [0x00000000e0000000,0x00000000e0000000,0x00000000f5c80000)
  from space 77824K, 77% used [0x00000000f5c80000,0x00000000f9725658,0x00000000fa880000)
  to   space 88064K, 0% used [0x00000000faa00000,0x00000000faa00000,0x0000000100000000)
 ParOldGen       total 769024K, used 679338K [0x00000000a0000000, 0x00000000cef00000, 0x00000000e0000000)
  object space 769024K, 88% used [0x00000000a0000000,0x00000000c976a8a0,0x00000000cef00000)
 Metaspace       used 94702K, capacity 101666K, committed 102016K, reserved 1138688K
  class space    used 11648K, capacity 13347K, committed 13440K, reserved 1048576K
}
Event: 23466.793 GC heap before
{Heap before GC invocations=429 (full 23):
 PSYoungGen      total 434688K, used 416917K [0x00000000e0000000, 0x0000000100000000, 0x0000000100000000)
  eden space 356864K, 100% used [0x00000000e0000000,0x00000000f5c80000,0x00000000f5c80000)
  from space 77824K, 77% used [0x00000000f5c80000,0x00000000f9725658,0x00000000fa880000)
  to   space 88064K, 0% used [0x00000000faa00000,0x00000000faa00000,0x0000000100000000)
 ParOldGen       total 769024K, used 679338K [0x00000000a0000000, 0x00000000cef00000, 0x00000000e0000000)
  object space 769024K, 88% used [0x00000000a0000000,0x00000000c976a8a0,0x00000000cef00000)
 Metaspace       used 94704K, capacity 101666K, committed 102016K, reserved 1138688K
  class space    used 11648K, capacity 13347K, committed 13440K, reserved 1048576K
Event: 23466.942 GC heap after
Heap after GC invocations=429 (full 23):
 PSYoungGen      total 407552K, used 76651K [0x00000000e0000000, 0x0000000100000000, 0x0000000100000000)
  eden space 319488K, 0% used [0x00000000e0000000,0x00000000e0000000,0x00000000f3800000)
  from space 88064K, 87% used [0x00000000faa00000,0x00000000ff4dac10,0x0000000100000000)
  to   space 102400K, 0% used [0x00000000f3800000,0x00000000f3800000,0x00000000f9c00000)
 ParOldGen       total 769024K, used 732653K [0x00000000a0000000, 0x00000000cef00000, 0x00000000e0000000)
  object space 769024K, 95% used [0x00000000a0000000,0x00000000ccb7b440,0x00000000cef00000)
 Metaspace       used 94704K, capacity 101666K, committed 102016K, reserved 1138688K
  class space    used 11648K, capacity 13347K, committed 13440K, reserved 1048576K
}
Event: 23466.942 GC heap before
{Heap before GC invocations=430 (full 24):
 PSYoungGen      total 407552K, used 76651K [0x00000000e0000000, 0x0000000100000000, 0x0000000100000000)
  eden space 319488K, 0% used [0x00000000e0000000,0x00000000e0000000,0x00000000f3800000)
  from space 88064K, 87% used [0x00000000faa00000,0x00000000ff4dac10,0x0000000100000000)
  to   space 102400K, 0% used [0x00000000f3800000,0x00000000f3800000,0x00000000f9c00000)
 ParOldGen       total 769024K, used 732653K [0x00000000a0000000, 0x00000000cef00000, 0x00000000e0000000)
  object space 769024K, 95% used [0x00000000a0000000,0x00000000ccb7b440,0x00000000cef00000)
 Metaspace       used 94704K, capacity 101666K, committed 102016K, reserved 1138688K
  class space    used 11648K, capacity 13347K, committed 13440K, reserved 1048576K

