# JRE version: OpenJDK Runtime Environment (8.0_152-b06) (build 1.8.0_152-release-1136-b06)
# Java VM: OpenJDK 64-Bit Server VM (25.152-b06 mixed mode linux-amd64 compressed oops)
Heap:
 PSYoungGen      total 390144K, used 0K [0x00000000e0000000, 0x0000000100000000, 0x0000000100000000)
  eden space 269312K, 0% used [0x00000000e0000000,0x00000000e0000000,0x00000000f0700000)
  from space 120832K, 0% used [0x00000000f8a00000,0x00000000f8a00000,0x0000000100000000)
  to   space 127488K, 0% used [0x00000000f0700000,0x00000000f0700000,0x00000000f8380000)
 ParOldGen       total 301056K, used 263737K [0x00000000a0000000, 0x00000000b2600000, 0x00000000e0000000)
  object space 301056K, 87% used [0x00000000a0000000,0x00000000b018e668,0x00000000b2600000)
 Metaspace       used 69877K, capacity 73590K, committed 73728K, reserved 1112064K
  class space    used 9158K, capacity 10115K, committed 10240K, reserved 1048576K
GC Heap History (10 events):
Event: 34.795 GC heap after
Heap after GC invocations=27 (full 5):
 PSYoungGen      total 445440K, used 19120K [0x00000000e0000000, 0x00000000ff880000, 0x0000000100000000)
  eden space 384512K, 0% used [0x00000000e0000000,0x00000000e0000000,0x00000000f7780000)
  from space 60928K, 31% used [0x00000000fbd00000,0x00000000fcfac0a0,0x00000000ff880000)
  to   space 66048K, 0% used [0x00000000f7780000,0x00000000f7780000,0x00000000fb800000)
 ParOldGen       total 301056K, used 93301K [0x00000000a0000000, 0x00000000b2600000, 0x00000000e0000000)
  object space 301056K, 30% used [0x00000000a0000000,0x00000000a5b1d470,0x00000000b2600000)
 Metaspace       used 68195K, capacity 71930K, committed 72192K, reserved 1112064K
  class space    used 8944K, capacity 9899K, committed 9984K, reserved 1048576K
}
Event: 36.703 GC heap before
{Heap before GC invocations=28 (full 5):
 PSYoungGen      total 445440K, used 403632K [0x00000000e0000000, 0x00000000ff880000, 0x0000000100000000)
  eden space 384512K, 100% used [0x00000000e0000000,0x00000000f7780000,0x00000000f7780000)
  from space 60928K, 31% used [0x00000000fbd00000,0x00000000fcfac0a0,0x00000000ff880000)
  to   space 66048K, 0% used [0x00000000f7780000,0x00000000f7780000,0x00000000fb800000)
 ParOldGen       total 301056K, used 93301K [0x00000000a0000000, 0x00000000b2600000, 0x00000000e0000000)
  object space 301056K, 30% used [0x00000000a0000000,0x00000000a5b1d470,0x00000000b2600000)
 Metaspace       used 69217K, capacity 72944K, committed 73088K, reserved 1112064K
  class space    used 9082K, capacity 10050K, committed 10112K, reserved 1048576K
Event: 36.770 GC heap after
Heap after GC invocations=28 (full 5):
 PSYoungGen      total 450560K, used 22604K [0x00000000e0000000, 0x00000000fff00000, 0x0000000100000000)
  eden space 384512K, 0% used [0x00000000e0000000,0x00000000e0000000,0x00000000f7780000)
  from space 66048K, 34% used [0x00000000f7780000,0x00000000f8d931c0,0x00000000fb800000)
  to   space 62976K, 0% used [0x00000000fc180000,0x00000000fc180000,0x00000000fff00000)
 ParOldGen       total 301056K, used 107585K [0x00000000a0000000, 0x00000000b2600000, 0x00000000e0000000)
  object space 301056K, 35% used [0x00000000a0000000,0x00000000a6910680,0x00000000b2600000)
 Metaspace       used 69217K, capacity 72944K, committed 73088K, reserved 1112064K
  class space    used 9082K, capacity 10050K, committed 10112K, reserved 1048576K
}
Event: 39.410 GC heap before
{Heap before GC invocations=29 (full 5):
 PSYoungGen      total 450560K, used 407116K [0x00000000e0000000, 0x00000000fff00000, 0x0000000100000000)
  eden space 384512K, 100% used [0x00000000e0000000,0x00000000f7780000,0x00000000f7780000)
  from space 66048K, 34% used [0x00000000f7780000,0x00000000f8d931c0,0x00000000fb800000)
  to   space 62976K, 0% used [0x00000000fc180000,0x00000000fc180000,0x00000000fff00000)
 ParOldGen       total 301056K, used 107585K [0x00000000a0000000, 0x00000000b2600000, 0x00000000e0000000)
  object space 301056K, 35% used [0x00000000a0000000,0x00000000a6910680,0x00000000b2600000)
 Metaspace       used 69470K, capacity 73136K, committed 73344K, reserved 1112064K
  class space    used 9105K, capacity 10050K, committed 10112K, reserved 1048576K
Event: 39.705 GC heap after
Heap after GC invocations=29 (full 5):
 PSYoungGen      total 363008K, used 62970K [0x00000000e0000000, 0x0000000100000000, 0x0000000100000000)
  eden space 300032K, 0% used [0x00000000e0000000,0x00000000e0000000,0x00000000f2500000)
  from space 62976K, 99% used [0x00000000fc180000,0x00000000ffefe950,0x00000000fff00000)
  to   space 112128K, 0% used [0x00000000f2500000,0x00000000f2500000,0x00000000f9280000)
 ParOldGen       total 301056K, used 214157K [0x00000000a0000000, 0x00000000b2600000, 0x00000000e0000000)
  object space 301056K, 71% used [0x00000000a0000000,0x00000000ad123700,0x00000000b2600000)
 Metaspace       used 69470K, capacity 73136K, committed 73344K, reserved 1112064K
  class space    used 9105K, capacity 10050K, committed 10112K, reserved 1048576K
}
Event: 42.067 GC heap before
{Heap before GC invocations=30 (full 5):
 PSYoungGen      total 363008K, used 363002K [0x00000000e0000000, 0x0000000100000000, 0x0000000100000000)
  eden space 300032K, 100% used [0x00000000e0000000,0x00000000f2500000,0x00000000f2500000)
  from space 62976K, 99% used [0x00000000fc180000,0x00000000ffefe950,0x00000000fff00000)
  to   space 112128K, 0% used [0x00000000f2500000,0x00000000f2500000,0x00000000f9280000)
 ParOldGen       total 301056K, used 214157K [0x00000000a0000000, 0x00000000b2600000, 0x00000000e0000000)
  object space 301056K, 71% used [0x00000000a0000000,0x00000000ad123700,0x00000000b2600000)
 Metaspace       used 69649K, capacity 73360K, committed 73600K, reserved 1112064K
  class space    used 9123K, capacity 10082K, committed 10112K, reserved 1048576K
Event: 42.354 GC heap after
Heap after GC invocations=30 (full 5):
 PSYoungGen      total 403456K, used 102928K [0x00000000e0000000, 0x0000000100000000, 0x0000000100000000)
  eden space 300032K, 0% used [0x00000000e0000000,0x00000000e0000000,0x00000000f2500000)
  from space 103424K, 99% used [0x00000000f2500000,0x00000000f8984010,0x00000000f8a00000)
  to   space 120832K, 0% used [0x00000000f8a00000,0x00000000f8a00000,0x0000000100000000)
 ParOldGen       total 301056K, used 224507K [0x00000000a0000000, 0x00000000b2600000, 0x00000000e0000000)
  object space 301056K, 74% used [0x00000000a0000000,0x00000000adb3ec50,0x00000000b2600000)
 Metaspace       used 69649K, capacity 73360K, committed 73600K, reserved 1112064K
  class space    used 9123K, capacity 10082K, committed 10112K, reserved 1048576K
}
Event: 46.208 GC heap before
{Heap before GC invocations=31 (full 5):
 PSYoungGen      total 403456K, used 402960K [0x00000000e0000000, 0x0000000100000000, 0x0000000100000000)
  eden space 300032K, 100% used [0x00000000e0000000,0x00000000f2500000,0x00000000f2500000)
  from space 103424K, 99% used [0x00000000f2500000,0x00000000f8984010,0x00000000f8a00000)
  to   space 120832K, 0% used [0x00000000f8a00000,0x00000000f8a00000,0x0000000100000000)
 ParOldGen       total 301056K, used 224507K [0x00000000a0000000, 0x00000000b2600000, 0x00000000e0000000)
  object space 301056K, 74% used [0x00000000a0000000,0x00000000adb3ec50,0x00000000b2600000)
 Metaspace       used 69877K, capacity 73590K, committed 73728K, reserved 1112064K
  class space    used 9158K, capacity 10115K, committed 10240K, reserved 1048576K
Event: 46.416 GC heap after
Heap after GC invocations=31 (full 5):
 PSYoungGen      total 390144K, used 1866K [0x00000000e0000000, 0x0000000100000000, 0x0000000100000000)
  eden space 269312K, 0% used [0x00000000e0000000,0x00000000e0000000,0x00000000f0700000)
  from space 120832K, 1% used [0x00000000f8a00000,0x00000000f8bd2ac0,0x0000000100000000)
  to   space 127488K, 0% used [0x00000000f0700000,0x00000000f0700000,0x00000000f8380000)
 ParOldGen       total 301056K, used 289666K [0x00000000a0000000, 0x00000000b2600000, 0x00000000e0000000)
  object space 301056K, 96% used [0x00000000a0000000,0x00000000b1ae08f0,0x00000000b2600000)
 Metaspace       used 69877K, capacity 73590K, committed 73728K, reserved 1112064K
  class space    used 9158K, capacity 10115K, committed 10240K, reserved 1048576K
}
Event: 46.418 GC heap before
{Heap before GC invocations=32 (full 6):
 PSYoungGen      total 390144K, used 1866K [0x00000000e0000000, 0x0000000100000000, 0x0000000100000000)
  eden space 269312K, 0% used [0x00000000e0000000,0x00000000e0000000,0x00000000f0700000)
  from space 120832K, 1% used [0x00000000f8a00000,0x00000000f8bd2ac0,0x0000000100000000)
  to   space 127488K, 0% used [0x00000000f0700000,0x00000000f0700000,0x00000000f8380000)
 ParOldGen       total 301056K, used 289666K [0x00000000a0000000, 0x00000000b2600000, 0x00000000e0000000)
  object space 301056K, 96% used [0x00000000a0000000,0x00000000b1ae08f0,0x00000000b2600000)
 Metaspace       used 69877K, capacity 73590K, committed 73728K, reserved 1112064K
  class space    used 9158K, capacity 10115K, committed 10240K, reserved 1048576K

