# JRE version: OpenJDK Runtime Environment (8.0_152-b06) (build 1.8.0_152-release-1136-b06)
# Java VM: OpenJDK 64-Bit Server VM (25.152-b06 mixed mode linux-amd64 compressed oops)
Heap:
 PSYoungGen      total 375296K, used 25432K [0x00000000e0000000, 0x00000000f9400000, 0x0000000100000000)
  eden space 341504K, 0% used [0x00000000e0000000,0x00000000e0000000,0x00000000f4d80000)
  from space 33792K, 75% used [0x00000000f5200000,0x00000000f6ad6360,0x00000000f7300000)
  to   space 11776K, 0% used [0x00000000f8880000,0x00000000f8880000,0x00000000f9400000)
 ParOldGen       total 161792K, used 61176K [0x00000000a0000000, 0x00000000a9e00000, 0x00000000e0000000)
  object space 161792K, 37% used [0x00000000a0000000,0x00000000a3bbe1b8,0x00000000a9e00000)
 Metaspace       used 67602K, capacity 70774K, committed 70912K, reserved 1110016K
  class space    used 9032K, capacity 9901K, committed 9984K, reserved 1048576K
GC Heap History (10 events):
Event: 7.671 GC heap after
Heap after GC invocations=9 (full 2):
 PSYoungGen      total 201728K, used 14833K [0x00000000e0000000, 0x00000000f2f00000, 0x0000000100000000)
  eden space 186880K, 0% used [0x00000000e0000000,0x00000000e0000000,0x00000000eb680000)
  from space 14848K, 99% used [0x00000000eb680000,0x00000000ec4fc430,0x00000000ec500000)
  to   space 19456K, 0% used [0x00000000f1c00000,0x00000000f1c00000,0x00000000f2f00000)
 ParOldGen       total 92160K, used 21559K [0x00000000a0000000, 0x00000000a5a00000, 0x00000000e0000000)
  object space 92160K, 23% used [0x00000000a0000000,0x00000000a150de18,0x00000000a5a00000)
 Metaspace       used 48905K, capacity 50240K, committed 50432K, reserved 1093632K
  class space    used 6693K, capacity 7071K, committed 7168K, reserved 1048576K
}
Event: 10.245 GC heap before
{Heap before GC invocations=10 (full 2):
 PSYoungGen      total 201728K, used 201713K [0x00000000e0000000, 0x00000000f2f00000, 0x0000000100000000)
  eden space 186880K, 100% used [0x00000000e0000000,0x00000000eb680000,0x00000000eb680000)
  from space 14848K, 99% used [0x00000000eb680000,0x00000000ec4fc430,0x00000000ec500000)
  to   space 19456K, 0% used [0x00000000f1c00000,0x00000000f1c00000,0x00000000f2f00000)
 ParOldGen       total 92160K, used 21559K [0x00000000a0000000, 0x00000000a5a00000, 0x00000000e0000000)
  object space 92160K, 23% used [0x00000000a0000000,0x00000000a150de18,0x00000000a5a00000)
 Metaspace       used 55266K, capacity 58258K, committed 58496K, reserved 1099776K
  class space    used 7632K, capacity 8487K, committed 8576K, reserved 1048576K
Event: 10.341 GC heap after
Heap after GC invocations=10 (full 2):
 PSYoungGen      total 276992K, used 19426K [0x00000000e0000000, 0x00000000f5500000, 0x0000000100000000)
  eden space 257536K, 0% used [0x00000000e0000000,0x00000000e0000000,0x00000000efb80000)
  from space 19456K, 99% used [0x00000000f1c00000,0x00000000f2ef8908,0x00000000f2f00000)
  to   space 33280K, 0% used [0x00000000efb80000,0x00000000efb80000,0x00000000f1c00000)
 ParOldGen       total 92160K, used 46241K [0x00000000a0000000, 0x00000000a5a00000, 0x00000000e0000000)
  object space 92160K, 50% used [0x00000000a0000000,0x00000000a2d28590,0x00000000a5a00000)
 Metaspace       used 55266K, capacity 58258K, committed 58496K, reserved 1099776K
  class space    used 7632K, capacity 8487K, committed 8576K, reserved 1048576K
}
Event: 10.620 GC heap before
{Heap before GC invocations=11 (full 2):
 PSYoungGen      total 276992K, used 48675K [0x00000000e0000000, 0x00000000f5500000, 0x0000000100000000)
  eden space 257536K, 11% used [0x00000000e0000000,0x00000000e1c903d8,0x00000000efb80000)
  from space 19456K, 99% used [0x00000000f1c00000,0x00000000f2ef8908,0x00000000f2f00000)
  to   space 33280K, 0% used [0x00000000efb80000,0x00000000efb80000,0x00000000f1c00000)
 ParOldGen       total 92160K, used 46241K [0x00000000a0000000, 0x00000000a5a00000, 0x00000000e0000000)
  object space 92160K, 50% used [0x00000000a0000000,0x00000000a2d28590,0x00000000a5a00000)
 Metaspace       used 55941K, capacity 58946K, committed 59008K, reserved 1099776K
  class space    used 7714K, capacity 8559K, committed 8576K, reserved 1048576K
Event: 10.662 GC heap after
Heap after GC invocations=11 (full 2):
 PSYoungGen      total 290816K, used 24129K [0x00000000e0000000, 0x00000000fab00000, 0x0000000100000000)
  eden space 257536K, 0% used [0x00000000e0000000,0x00000000e0000000,0x00000000efb80000)
  from space 33280K, 72% used [0x00000000efb80000,0x00000000f1310760,0x00000000f1c00000)
  to   space 35328K, 0% used [0x00000000f8880000,0x00000000f8880000,0x00000000fab00000)
 ParOldGen       total 92160K, used 46249K [0x00000000a0000000, 0x00000000a5a00000, 0x00000000e0000000)
  object space 92160K, 50% used [0x00000000a0000000,0x00000000a2d2a590,0x00000000a5a00000)
 Metaspace       used 55941K, capacity 58946K, committed 59008K, reserved 1099776K
  class space    used 7714K, capacity 8559K, committed 8576K, reserved 1048576K
}
Event: 10.662 GC heap before
{Heap before GC invocations=12 (full 3):
 PSYoungGen      total 290816K, used 24129K [0x00000000e0000000, 0x00000000fab00000, 0x0000000100000000)
  eden space 257536K, 0% used [0x00000000e0000000,0x00000000e0000000,0x00000000efb80000)
  from space 33280K, 72% used [0x00000000efb80000,0x00000000f1310760,0x00000000f1c00000)
  to   space 35328K, 0% used [0x00000000f8880000,0x00000000f8880000,0x00000000fab00000)
 ParOldGen       total 92160K, used 46249K [0x00000000a0000000, 0x00000000a5a00000, 0x00000000e0000000)
  object space 92160K, 50% used [0x00000000a0000000,0x00000000a2d2a590,0x00000000a5a00000)
 Metaspace       used 55941K, capacity 58946K, committed 59008K, reserved 1099776K
  class space    used 7714K, capacity 8559K, committed 8576K, reserved 1048576K
Event: 11.016 GC heap after
Heap after GC invocations=12 (full 3):
 PSYoungGen      total 290816K, used 0K [0x00000000e0000000, 0x00000000fab00000, 0x0000000100000000)
  eden space 257536K, 0% used [0x00000000e0000000,0x00000000e0000000,0x00000000efb80000)
  from space 33280K, 0% used [0x00000000efb80000,0x00000000efb80000,0x00000000f1c00000)
  to   space 35328K, 0% used [0x00000000f8880000,0x00000000f8880000,0x00000000fab00000)
 ParOldGen       total 161792K, used 61160K [0x00000000a0000000, 0x00000000a9e00000, 0x00000000e0000000)
  object space 161792K, 37% used [0x00000000a0000000,0x00000000a3bba1b8,0x00000000a9e00000)
 Metaspace       used 55941K, capacity 58946K, committed 59008K, reserved 1099776K
  class space    used 7714K, capacity 8559K, committed 8576K, reserved 1048576K
}
Event: 14.619 GC heap before
{Heap before GC invocations=13 (full 3):
 PSYoungGen      total 290816K, used 257536K [0x00000000e0000000, 0x00000000fab00000, 0x0000000100000000)
  eden space 257536K, 100% used [0x00000000e0000000,0x00000000efb80000,0x00000000efb80000)
  from space 33280K, 0% used [0x00000000efb80000,0x00000000efb80000,0x00000000f1c00000)
  to   space 35328K, 0% used [0x00000000f8880000,0x00000000f8880000,0x00000000fab00000)
 ParOldGen       total 161792K, used 61160K [0x00000000a0000000, 0x00000000a9e00000, 0x00000000e0000000)
  object space 161792K, 37% used [0x00000000a0000000,0x00000000a3bba1b8,0x00000000a9e00000)
 Metaspace       used 61538K, capacity 64634K, committed 64896K, reserved 1105920K
  class space    used 8417K, capacity 9253K, committed 9344K, reserved 1048576K
Event: 14.687 GC heap after
Heap after GC invocations=13 (full 3):
 PSYoungGen      total 353280K, used 11543K [0x00000000e0000000, 0x00000000f9400000, 0x0000000100000000)
  eden space 341504K, 0% used [0x00000000e0000000,0x00000000e0000000,0x00000000f4d80000)
  from space 11776K, 98% used [0x00000000f8880000,0x00000000f93c5d70,0x00000000f9400000)
  to   space 33792K, 0% used [0x00000000f5200000,0x00000000f5200000,0x00000000f7300000)
 ParOldGen       total 161792K, used 61168K [0x00000000a0000000, 0x00000000a9e00000, 0x00000000e0000000)
  object space 161792K, 37% used [0x00000000a0000000,0x00000000a3bbc1b8,0x00000000a9e00000)
 Metaspace       used 61538K, capacity 64634K, committed 64896K, reserved 1105920K
  class space    used 8417K, capacity 9253K, committed 9344K, reserved 1048576K
}
Event: 78.343 GC heap before
{Heap before GC invocations=14 (full 3):
 PSYoungGen      total 353280K, used 353047K [0x00000000e0000000, 0x00000000f9400000, 0x0000000100000000)
  eden space 341504K, 100% used [0x00000000e0000000,0x00000000f4d80000,0x00000000f4d80000)
  from space 11776K, 98% used [0x00000000f8880000,0x00000000f93c5d70,0x00000000f9400000)
  to   space 33792K, 0% used [0x00000000f5200000,0x00000000f5200000,0x00000000f7300000)
 ParOldGen       total 161792K, used 61168K [0x00000000a0000000, 0x00000000a9e00000, 0x00000000e0000000)
  object space 161792K, 37% used [0x00000000a0000000,0x00000000a3bbc1b8,0x00000000a9e00000)
 Metaspace       used 67602K, capacity 70774K, committed 70912K, reserved 1110016K
  class space    used 9032K, capacity 9901K, committed 9984K, reserved 1048576K

