# JRE version: OpenJDK Runtime Environment (8.0_152-b01) (build 1.8.0_152-release-1248-b01)
# Java VM: OpenJDK 64-Bit Server VM (25.152-b01 mixed mode linux-amd64 compressed oops)
Heap:
 PSYoungGen      total 332288K, used 0K [0x00000000e0000000, 0x0000000100000000, 0x0000000100000000)
  eden space 190464K, 0% used [0x00000000e0000000,0x00000000e0000000,0x00000000eba00000)
  from space 141824K, 0% used [0x00000000eba00000,0x00000000eba00000,0x00000000f4480000)
  to   space 174592K, 0% used [0x00000000f5580000,0x00000000f5580000,0x0000000100000000)
 ParOldGen       total 611328K, used 352925K [0x00000000a0000000, 0x00000000c5500000, 0x00000000e0000000)
  object space 611328K, 57% used [0x00000000a0000000,0x00000000b58a7610,0x00000000c5500000)
 Metaspace       used 100915K, capacity 108650K, committed 109744K, reserved 1144832K
  class space    used 12685K, capacity 14613K, committed 14768K, reserved 1048576K
GC Heap History (10 events):
Event: 2598.248 GC heap after
Heap after GC invocations=170 (full 13):
 PSYoungGen      total 442880K, used 72866K [0x00000000e0000000, 0x0000000100000000, 0x0000000100000000)
  eden space 369664K, 0% used [0x00000000e0000000,0x00000000e0000000,0x00000000f6900000)
  from space 73216K, 99% used [0x00000000f6900000,0x00000000fb028870,0x00000000fb080000)
  to   space 81408K, 0% used [0x00000000fb080000,0x00000000fb080000,0x0000000100000000)
 ParOldGen       total 611328K, used 412981K [0x00000000a0000000, 0x00000000c5500000, 0x00000000e0000000)
  object space 611328K, 67% used [0x00000000a0000000,0x00000000b934d7d8,0x00000000c5500000)
 Metaspace       used 100213K, capacity 108384K, committed 108592K, reserved 1142784K
  class space    used 12674K, capacity 14632K, committed 14640K, reserved 1048576K
}
Event: 2600.052 GC heap before
{Heap before GC invocations=171 (full 13):
 PSYoungGen      total 442880K, used 442530K [0x00000000e0000000, 0x0000000100000000, 0x0000000100000000)
  eden space 369664K, 100% used [0x00000000e0000000,0x00000000f6900000,0x00000000f6900000)
  from space 73216K, 99% used [0x00000000f6900000,0x00000000fb028870,0x00000000fb080000)
  to   space 81408K, 0% used [0x00000000fb080000,0x00000000fb080000,0x0000000100000000)
 ParOldGen       total 611328K, used 412981K [0x00000000a0000000, 0x00000000c5500000, 0x00000000e0000000)
  object space 611328K, 67% used [0x00000000a0000000,0x00000000b934d7d8,0x00000000c5500000)
 Metaspace       used 100442K, capacity 108704K, committed 108976K, reserved 1142784K
  class space    used 12696K, capacity 14686K, committed 14768K, reserved 1048576K
Event: 2600.227 GC heap after
Heap after GC invocations=171 (full 13):
 PSYoungGen      total 354816K, used 81394K [0x00000000e0000000, 0x0000000100000000, 0x0000000100000000)
  eden space 273408K, 0% used [0x00000000e0000000,0x00000000e0000000,0x00000000f0b00000)
  from space 81408K, 99% used [0x00000000fb080000,0x00000000ffffcbe0,0x0000000100000000)
  to   space 125440K, 0% used [0x00000000f0b00000,0x00000000f0b00000,0x00000000f8580000)
 ParOldGen       total 611328K, used 482456K [0x00000000a0000000, 0x00000000c5500000, 0x00000000e0000000)
  object space 611328K, 78% used [0x00000000a0000000,0x00000000bd7261a8,0x00000000c5500000)
 Metaspace       used 100442K, capacity 108704K, committed 108976K, reserved 1142784K
  class space    used 12696K, capacity 14686K, committed 14768K, reserved 1048576K
}
Event: 2600.861 GC heap before
{Heap before GC invocations=172 (full 13):
 PSYoungGen      total 354816K, used 354802K [0x00000000e0000000, 0x0000000100000000, 0x0000000100000000)
  eden space 273408K, 100% used [0x00000000e0000000,0x00000000f0b00000,0x00000000f0b00000)
  from space 81408K, 99% used [0x00000000fb080000,0x00000000ffffcbe0,0x0000000100000000)
  to   space 125440K, 0% used [0x00000000f0b00000,0x00000000f0b00000,0x00000000f8580000)
 ParOldGen       total 611328K, used 482456K [0x00000000a0000000, 0x00000000c5500000, 0x00000000e0000000)
  object space 611328K, 78% used [0x00000000a0000000,0x00000000bd7261a8,0x00000000c5500000)
 Metaspace       used 100894K, capacity 109138K, committed 109488K, reserved 1144832K
  class space    used 12751K, capacity 14721K, committed 14768K, reserved 1048576K
Event: 2600.959 GC heap after
Heap after GC invocations=172 (full 13):
 PSYoungGen      total 366592K, used 93002K [0x00000000e0000000, 0x0000000100000000, 0x0000000100000000)
  eden space 273408K, 0% used [0x00000000e0000000,0x00000000e0000000,0x00000000f0b00000)
  from space 93184K, 99% used [0x00000000f0b00000,0x00000000f65d2890,0x00000000f6600000)
  to   space 134656K, 0% used [0x00000000f7c80000,0x00000000f7c80000,0x0000000100000000)
 ParOldGen       total 611328K, used 490783K [0x00000000a0000000, 0x00000000c5500000, 0x00000000e0000000)
  object space 611328K, 80% used [0x00000000a0000000,0x00000000bdf47c58,0x00000000c5500000)
 Metaspace       used 100894K, capacity 109138K, committed 109488K, reserved 1144832K
  class space    used 12751K, capacity 14721K, committed 14768K, reserved 1048576K
}
Event: 2601.923 GC heap before
{Heap before GC invocations=173 (full 13):
 PSYoungGen      total 366592K, used 366410K [0x00000000e0000000, 0x0000000100000000, 0x0000000100000000)
  eden space 273408K, 100% used [0x00000000e0000000,0x00000000f0b00000,0x00000000f0b00000)
  from space 93184K, 99% used [0x00000000f0b00000,0x00000000f65d2890,0x00000000f6600000)
  to   space 134656K, 0% used [0x00000000f7c80000,0x00000000f7c80000,0x0000000100000000)
 ParOldGen       total 611328K, used 490783K [0x00000000a0000000, 0x00000000c5500000, 0x00000000e0000000)
  object space 611328K, 80% used [0x00000000a0000000,0x00000000bdf47c58,0x00000000c5500000)
 Metaspace       used 101176K, capacity 109490K, committed 109744K, reserved 1144832K
  class space    used 12760K, capacity 14753K, committed 14768K, reserved 1048576K
Event: 2602.070 GC heap after
Heap after GC invocations=173 (full 13):
 PSYoungGen      total 325120K, used 134642K [0x00000000e0000000, 0x0000000100000000, 0x0000000100000000)
  eden space 190464K, 0% used [0x00000000e0000000,0x00000000e0000000,0x00000000eba00000)
  from space 134656K, 99% used [0x00000000f7c80000,0x00000000ffffc878,0x0000000100000000)
  to   space 166912K, 0% used [0x00000000eba00000,0x00000000eba00000,0x00000000f5d00000)
 ParOldGen       total 611328K, used 516189K [0x00000000a0000000, 0x00000000c5500000, 0x00000000e0000000)
  object space 611328K, 84% used [0x00000000a0000000,0x00000000bf817488,0x00000000c5500000)
 Metaspace       used 101176K, capacity 109490K, committed 109744K, reserved 1144832K
  class space    used 12760K, capacity 14753K, committed 14768K, reserved 1048576K
}
Event: 2602.983 GC heap before
{Heap before GC invocations=174 (full 13):
 PSYoungGen      total 325120K, used 325106K [0x00000000e0000000, 0x0000000100000000, 0x0000000100000000)
  eden space 190464K, 100% used [0x00000000e0000000,0x00000000eba00000,0x00000000eba00000)
  from space 134656K, 99% used [0x00000000f7c80000,0x00000000ffffc878,0x0000000100000000)
  to   space 166912K, 0% used [0x00000000eba00000,0x00000000eba00000,0x00000000f5d00000)
 ParOldGen       total 611328K, used 516189K [0x00000000a0000000, 0x00000000c5500000, 0x00000000e0000000)
  object space 611328K, 84% used [0x00000000a0000000,0x00000000bf817488,0x00000000c5500000)
 Metaspace       used 101205K, capacity 109490K, committed 109744K, reserved 1144832K
  class space    used 12760K, capacity 14753K, committed 14768K, reserved 1048576K
Event: 2603.137 GC heap after
Heap after GC invocations=174 (full 13):
 PSYoungGen      total 332288K, used 141819K [0x00000000e0000000, 0x0000000100000000, 0x0000000100000000)
  eden space 190464K, 0% used [0x00000000e0000000,0x00000000e0000000,0x00000000eba00000)
  from space 141824K, 99% used [0x00000000eba00000,0x00000000f447ef48,0x00000000f4480000)
  to   space 174592K, 0% used [0x00000000f5580000,0x00000000f5580000,0x0000000100000000)
 ParOldGen       total 611328K, used 550714K [0x00000000a0000000, 0x00000000c5500000, 0x00000000e0000000)
  object space 611328K, 90% used [0x00000000a0000000,0x00000000c19ce968,0x00000000c5500000)
 Metaspace       used 101205K, capacity 109490K, committed 109744K, reserved 1144832K
  class space    used 12760K, capacity 14753K, committed 14768K, reserved 1048576K
}
Event: 2603.137 GC heap before
{Heap before GC invocations=175 (full 14):
 PSYoungGen      total 332288K, used 141819K [0x00000000e0000000, 0x0000000100000000, 0x0000000100000000)
  eden space 190464K, 0% used [0x00000000e0000000,0x00000000e0000000,0x00000000eba00000)
  from space 141824K, 99% used [0x00000000eba00000,0x00000000f447ef48,0x00000000f4480000)
  to   space 174592K, 0% used [0x00000000f5580000,0x00000000f5580000,0x0000000100000000)
 ParOldGen       total 611328K, used 550714K [0x00000000a0000000, 0x00000000c5500000, 0x00000000e0000000)
  object space 611328K, 90% used [0x00000000a0000000,0x00000000c19ce968,0x00000000c5500000)
 Metaspace       used 101205K, capacity 109490K, committed 109744K, reserved 1144832K
  class space    used 12760K, capacity 14753K, committed 14768K, reserved 1048576K

