# JRE version: OpenJDK Runtime Environment (8.0_152-b01) (build 1.8.0_152-release-1248-b01)
# Java VM: OpenJDK 64-Bit Server VM (25.152-b01 mixed mode linux-amd64 compressed oops)
Heap:
 PSYoungGen      total 247808K, used 0K [0x00000000e0000000, 0x00000000ff600000, 0x0000000100000000)
  eden space 239616K, 0% used [0x00000000e0000000,0x00000000e0000000,0x00000000eea00000)
  from space 8192K, 0% used [0x00000000eea00000,0x00000000eea00000,0x00000000ef200000)
  to   space 137216K, 0% used [0x00000000f7000000,0x00000000f7000000,0x00000000ff600000)
 ParOldGen       total 457216K, used 327218K [0x00000000a0000000, 0x00000000bbe80000, 0x00000000e0000000)
  object space 457216K, 71% used [0x00000000a0000000,0x00000000b3f8ca00,0x00000000bbe80000)
 Metaspace       used 91600K, capacity 98540K, committed 98608K, reserved 1134592K
  class space    used 11662K, capacity 13358K, committed 13360K, reserved 1048576K
GC Heap History (10 events):
Event: 221.208 GC heap after
Heap after GC invocations=91 (full 8):
 PSYoungGen      total 362496K, used 0K [0x00000000e0000000, 0x00000000fed00000, 0x0000000100000000)
  eden space 233984K, 0% used [0x00000000e0000000,0x00000000e0000000,0x00000000ee480000)
  from space 128512K, 0% used [0x00000000ee480000,0x00000000ee480000,0x00000000f6200000)
  to   space 122880K, 0% used [0x00000000f7500000,0x00000000f7500000,0x00000000fed00000)
 ParOldGen       total 457216K, used 167199K [0x00000000a0000000, 0x00000000bbe80000, 0x00000000e0000000)
  object space 457216K, 36% used [0x00000000a0000000,0x00000000aa347ef0,0x00000000bbe80000)
 Metaspace       used 91583K, capacity 98540K, committed 98608K, reserved 1134592K
  class space    used 11662K, capacity 13358K, committed 13360K, reserved 1048576K
}
Event: 221.669 GC heap before
{Heap before GC invocations=92 (full 8):
 PSYoungGen      total 362496K, used 233984K [0x00000000e0000000, 0x00000000fed00000, 0x0000000100000000)
  eden space 233984K, 100% used [0x00000000e0000000,0x00000000ee480000,0x00000000ee480000)
  from space 128512K, 0% used [0x00000000ee480000,0x00000000ee480000,0x00000000f6200000)
  to   space 122880K, 0% used [0x00000000f7500000,0x00000000f7500000,0x00000000fed00000)
 ParOldGen       total 457216K, used 167199K [0x00000000a0000000, 0x00000000bbe80000, 0x00000000e0000000)
  object space 457216K, 36% used [0x00000000a0000000,0x00000000aa347ef0,0x00000000bbe80000)
 Metaspace       used 91596K, capacity 98540K, committed 98608K, reserved 1134592K
  class space    used 11662K, capacity 13358K, committed 13360K, reserved 1048576K
Event: 221.753 GC heap after
Heap after GC invocations=92 (full 8):
 PSYoungGen      total 382976K, used 51794K [0x00000000e0000000, 0x00000000fec80000, 0x0000000100000000)
  eden space 260608K, 0% used [0x00000000e0000000,0x00000000e0000000,0x00000000efe80000)
  from space 122368K, 42% used [0x00000000f7500000,0x00000000fa794b38,0x00000000fec80000)
  to   space 121344K, 0% used [0x00000000efe80000,0x00000000efe80000,0x00000000f7500000)
 ParOldGen       total 457216K, used 167199K [0x00000000a0000000, 0x00000000bbe80000, 0x00000000e0000000)
  object space 457216K, 36% used [0x00000000a0000000,0x00000000aa347ef0,0x00000000bbe80000)
 Metaspace       used 91596K, capacity 98540K, committed 98608K, reserved 1134592K
  class space    used 11662K, capacity 13358K, committed 13360K, reserved 1048576K
}
Event: 222.875 GC heap before
{Heap before GC invocations=93 (full 8):
 PSYoungGen      total 382976K, used 312402K [0x00000000e0000000, 0x00000000fec80000, 0x0000000100000000)
  eden space 260608K, 100% used [0x00000000e0000000,0x00000000efe80000,0x00000000efe80000)
  from space 122368K, 42% used [0x00000000f7500000,0x00000000fa794b38,0x00000000fec80000)
  to   space 121344K, 0% used [0x00000000efe80000,0x00000000efe80000,0x00000000f7500000)
 ParOldGen       total 457216K, used 167199K [0x00000000a0000000, 0x00000000bbe80000, 0x00000000e0000000)
  object space 457216K, 36% used [0x00000000a0000000,0x00000000aa347ef0,0x00000000bbe80000)
 Metaspace       used 91599K, capacity 98540K, committed 98608K, reserved 1134592K
  class space    used 11662K, capacity 13358K, committed 13360K, reserved 1048576K
Event: 223.096 GC heap after
Heap after GC invocations=93 (full 8):
 PSYoungGen      total 378880K, used 117897K [0x00000000e0000000, 0x0000000100000000, 0x0000000100000000)
  eden space 260608K, 0% used [0x00000000e0000000,0x00000000e0000000,0x00000000efe80000)
  from space 118272K, 99% used [0x00000000efe80000,0x00000000f71a2448,0x00000000f7200000)
  to   space 143872K, 0% used [0x00000000f7380000,0x00000000f7380000,0x0000000100000000)
 ParOldGen       total 457216K, used 219133K [0x00000000a0000000, 0x00000000bbe80000, 0x00000000e0000000)
  object space 457216K, 47% used [0x00000000a0000000,0x00000000ad5ff540,0x00000000bbe80000)
 Metaspace       used 91599K, capacity 98540K, committed 98608K, reserved 1134592K
  class space    used 11662K, capacity 13358K, committed 13360K, reserved 1048576K
}
Event: 224.900 GC heap before
{Heap before GC invocations=94 (full 8):
 PSYoungGen      total 378880K, used 378505K [0x00000000e0000000, 0x0000000100000000, 0x0000000100000000)
  eden space 260608K, 100% used [0x00000000e0000000,0x00000000efe80000,0x00000000efe80000)
  from space 118272K, 99% used [0x00000000efe80000,0x00000000f71a2448,0x00000000f7200000)
  to   space 143872K, 0% used [0x00000000f7380000,0x00000000f7380000,0x0000000100000000)
 ParOldGen       total 457216K, used 219133K [0x00000000a0000000, 0x00000000bbe80000, 0x00000000e0000000)
  object space 457216K, 47% used [0x00000000a0000000,0x00000000ad5ff540,0x00000000bbe80000)
 Metaspace       used 91600K, capacity 98540K, committed 98608K, reserved 1134592K
  class space    used 11662K, capacity 13358K, committed 13360K, reserved 1048576K
Event: 225.171 GC heap after
Heap after GC invocations=94 (full 8):
 PSYoungGen      total 383488K, used 61472K [0x00000000e0000000, 0x0000000100000000, 0x0000000100000000)
  eden space 239616K, 0% used [0x00000000e0000000,0x00000000e0000000,0x00000000eea00000)
  from space 143872K, 42% used [0x00000000f7380000,0x00000000faf88000,0x0000000100000000)
  to   space 140800K, 0% used [0x00000000eea00000,0x00000000eea00000,0x00000000f7380000)
 ParOldGen       total 457216K, used 314622K [0x00000000a0000000, 0x00000000bbe80000, 0x00000000e0000000)
  object space 457216K, 68% used [0x00000000a0000000,0x00000000b333f928,0x00000000bbe80000)
 Metaspace       used 91600K, capacity 98540K, committed 98608K, reserved 1134592K
  class space    used 11662K, capacity 13358K, committed 13360K, reserved 1048576K
}
Event: 227.797 GC heap before
{Heap before GC invocations=95 (full 8):
 PSYoungGen      total 383488K, used 301088K [0x00000000e0000000, 0x0000000100000000, 0x0000000100000000)
  eden space 239616K, 100% used [0x00000000e0000000,0x00000000eea00000,0x00000000eea00000)
  from space 143872K, 42% used [0x00000000f7380000,0x00000000faf88000,0x0000000100000000)
  to   space 140800K, 0% used [0x00000000eea00000,0x00000000eea00000,0x00000000f7380000)
 ParOldGen       total 457216K, used 314622K [0x00000000a0000000, 0x00000000bbe80000, 0x00000000e0000000)
  object space 457216K, 68% used [0x00000000a0000000,0x00000000b333f928,0x00000000bbe80000)
 Metaspace       used 91600K, capacity 98540K, committed 98608K, reserved 1134592K
  class space    used 11662K, capacity 13358K, committed 13360K, reserved 1048576K
Event: 227.949 GC heap after
Heap after GC invocations=95 (full 8):
 PSYoungGen      total 247808K, used 7872K [0x00000000e0000000, 0x00000000ff600000, 0x0000000100000000)
  eden space 239616K, 0% used [0x00000000e0000000,0x00000000e0000000,0x00000000eea00000)
  from space 8192K, 96% used [0x00000000eea00000,0x00000000ef1b0000,0x00000000ef200000)
  to   space 137216K, 0% used [0x00000000f7000000,0x00000000f7000000,0x00000000ff600000)
 ParOldGen       total 457216K, used 376342K [0x00000000a0000000, 0x00000000bbe80000, 0x00000000e0000000)
  object space 457216K, 82% used [0x00000000a0000000,0x00000000b6f85948,0x00000000bbe80000)
 Metaspace       used 91600K, capacity 98540K, committed 98608K, reserved 1134592K
  class space    used 11662K, capacity 13358K, committed 13360K, reserved 1048576K
}
Event: 227.951 GC heap before
{Heap before GC invocations=96 (full 9):
 PSYoungGen      total 247808K, used 7872K [0x00000000e0000000, 0x00000000ff600000, 0x0000000100000000)
  eden space 239616K, 0% used [0x00000000e0000000,0x00000000e0000000,0x00000000eea00000)
  from space 8192K, 96% used [0x00000000eea00000,0x00000000ef1b0000,0x00000000ef200000)
  to   space 137216K, 0% used [0x00000000f7000000,0x00000000f7000000,0x00000000ff600000)
 ParOldGen       total 457216K, used 376342K [0x00000000a0000000, 0x00000000bbe80000, 0x00000000e0000000)
  object space 457216K, 82% used [0x00000000a0000000,0x00000000b6f85948,0x00000000bbe80000)
 Metaspace       used 91600K, capacity 98540K, committed 98608K, reserved 1134592K
  class space    used 11662K, capacity 13358K, committed 13360K, reserved 1048576K

