# JRE version: OpenJDK Runtime Environment (8.0_152-b01) (build 1.8.0_152-release-1248-b01)
# Java VM: OpenJDK 64-Bit Server VM (25.152-b01 mixed mode linux-amd64 compressed oops)
Heap:
 PSYoungGen      total 269312K, used 26600K [0x00000000e0000000, 0x00000000f2580000, 0x0000000100000000)
  eden space 242688K, 0% used [0x00000000e0000000,0x00000000e0000000,0x00000000eed00000)
  from space 26624K, 99% used [0x00000000ef180000,0x00000000f0b7a118,0x00000000f0b80000)
  to   space 22528K, 0% used [0x00000000f0f80000,0x00000000f0f80000,0x00000000f2580000)
 ParOldGen       total 148992K, used 96220K [0x00000000a0000000, 0x00000000a9180000, 0x00000000e0000000)
  object space 148992K, 64% used [0x00000000a0000000,0x00000000a5df71d8,0x00000000a9180000)
 Metaspace       used 67498K, capacity 71026K, committed 71320K, reserved 1110016K
  class space    used 9112K, capacity 10127K, committed 10136K, reserved 1048576K
GC Heap History (10 events):
Event: 19.523 GC heap after
Heap after GC invocations=11 (full 2):
 PSYoungGen      total 173056K, used 13822K [0x00000000e0000000, 0x00000000ee700000, 0x0000000100000000)
  eden space 159232K, 0% used [0x00000000e0000000,0x00000000e0000000,0x00000000e9b80000)
  from space 13824K, 99% used [0x00000000e9b80000,0x00000000ea8ff860,0x00000000ea900000)
  to   space 16384K, 0% used [0x00000000ed700000,0x00000000ed700000,0x00000000ee700000)
 ParOldGen       total 86016K, used 19169K [0x00000000a0000000, 0x00000000a5400000, 0x00000000e0000000)
  object space 86016K, 22% used [0x00000000a0000000,0x00000000a12b8560,0x00000000a5400000)
 Metaspace       used 46372K, capacity 47328K, committed 47664K, reserved 1089536K
  class space    used 6331K, capacity 6659K, committed 6704K, reserved 1048576K
}
Event: 25.050 GC heap before
{Heap before GC invocations=12 (full 2):
 PSYoungGen      total 173056K, used 173054K [0x00000000e0000000, 0x00000000ee700000, 0x0000000100000000)
  eden space 159232K, 100% used [0x00000000e0000000,0x00000000e9b80000,0x00000000e9b80000)
  from space 13824K, 99% used [0x00000000e9b80000,0x00000000ea8ff860,0x00000000ea900000)
  to   space 16384K, 0% used [0x00000000ed700000,0x00000000ed700000,0x00000000ee700000)
 ParOldGen       total 86016K, used 19169K [0x00000000a0000000, 0x00000000a5400000, 0x00000000e0000000)
  object space 86016K, 22% used [0x00000000a0000000,0x00000000a12b8560,0x00000000a5400000)
 Metaspace       used 54029K, capacity 55974K, committed 56112K, reserved 1097728K
  class space    used 7438K, capacity 7951K, committed 7984K, reserved 1048576K
Event: 25.222 GC heap after
Heap after GC invocations=12 (full 2):
 PSYoungGen      total 215552K, used 16353K [0x00000000e0000000, 0x00000000eef80000, 0x0000000100000000)
  eden space 199168K, 0% used [0x00000000e0000000,0x00000000e0000000,0x00000000ec280000)
  from space 16384K, 99% used [0x00000000ed700000,0x00000000ee6f85c8,0x00000000ee700000)
  to   space 20992K, 0% used [0x00000000ec280000,0x00000000ec280000,0x00000000ed700000)
 ParOldGen       total 86016K, used 26260K [0x00000000a0000000, 0x00000000a5400000, 0x00000000e0000000)
  object space 86016K, 30% used [0x00000000a0000000,0x00000000a19a5040,0x00000000a5400000)
 Metaspace       used 54029K, capacity 55974K, committed 56112K, reserved 1097728K
  class space    used 7438K, capacity 7951K, committed 7984K, reserved 1048576K
}
Event: 29.460 GC heap before
{Heap before GC invocations=13 (full 2):
 PSYoungGen      total 215552K, used 112236K [0x00000000e0000000, 0x00000000eef80000, 0x0000000100000000)
  eden space 199168K, 48% used [0x00000000e0000000,0x00000000e5da2ac0,0x00000000ec280000)
  from space 16384K, 99% used [0x00000000ed700000,0x00000000ee6f85c8,0x00000000ee700000)
  to   space 20992K, 0% used [0x00000000ec280000,0x00000000ec280000,0x00000000ed700000)
 ParOldGen       total 86016K, used 26260K [0x00000000a0000000, 0x00000000a5400000, 0x00000000e0000000)
  object space 86016K, 30% used [0x00000000a0000000,0x00000000a19a5040,0x00000000a5400000)
 Metaspace       used 56119K, capacity 59108K, committed 59160K, reserved 1099776K
  class space    used 7792K, capacity 8677K, committed 8728K, reserved 1048576K
Event: 29.616 GC heap after
Heap after GC invocations=13 (full 2):
 PSYoungGen      total 220160K, used 17184K [0x00000000e0000000, 0x00000000f2580000, 0x0000000100000000)
  eden space 199168K, 0% used [0x00000000e0000000,0x00000000e0000000,0x00000000ec280000)
  from space 20992K, 81% used [0x00000000ec280000,0x00000000ed348000,0x00000000ed700000)
  to   space 22528K, 0% used [0x00000000f0f80000,0x00000000f0f80000,0x00000000f2580000)
 ParOldGen       total 86016K, used 42593K [0x00000000a0000000, 0x00000000a5400000, 0x00000000e0000000)
  object space 86016K, 49% used [0x00000000a0000000,0x00000000a29986b8,0x00000000a5400000)
 Metaspace       used 56119K, capacity 59108K, committed 59160K, reserved 1099776K
  class space    used 7792K, capacity 8677K, committed 8728K, reserved 1048576K
}
Event: 29.616 GC heap before
{Heap before GC invocations=14 (full 3):
 PSYoungGen      total 220160K, used 17184K [0x00000000e0000000, 0x00000000f2580000, 0x0000000100000000)
  eden space 199168K, 0% used [0x00000000e0000000,0x00000000e0000000,0x00000000ec280000)
  from space 20992K, 81% used [0x00000000ec280000,0x00000000ed348000,0x00000000ed700000)
  to   space 22528K, 0% used [0x00000000f0f80000,0x00000000f0f80000,0x00000000f2580000)
 ParOldGen       total 86016K, used 42593K [0x00000000a0000000, 0x00000000a5400000, 0x00000000e0000000)
  object space 86016K, 49% used [0x00000000a0000000,0x00000000a29986b8,0x00000000a5400000)
 Metaspace       used 56119K, capacity 59108K, committed 59160K, reserved 1099776K
  class space    used 7792K, capacity 8677K, committed 8728K, reserved 1048576K
Event: 30.771 GC heap after
Heap after GC invocations=14 (full 3):
 PSYoungGen      total 220160K, used 0K [0x00000000e0000000, 0x00000000f2580000, 0x0000000100000000)
  eden space 199168K, 0% used [0x00000000e0000000,0x00000000e0000000,0x00000000ec280000)
  from space 20992K, 0% used [0x00000000ec280000,0x00000000ec280000,0x00000000ed700000)
  to   space 22528K, 0% used [0x00000000f0f80000,0x00000000f0f80000,0x00000000f2580000)
 ParOldGen       total 148992K, used 50942K [0x00000000a0000000, 0x00000000a9180000, 0x00000000e0000000)
  object space 148992K, 34% used [0x00000000a0000000,0x00000000a31bfa60,0x00000000a9180000)
 Metaspace       used 56119K, capacity 59108K, committed 59160K, reserved 1099776K
  class space    used 7792K, capacity 8677K, committed 8728K, reserved 1048576K
}
Event: 40.254 GC heap before
{Heap before GC invocations=15 (full 3):
 PSYoungGen      total 220160K, used 199168K [0x00000000e0000000, 0x00000000f2580000, 0x0000000100000000)
  eden space 199168K, 100% used [0x00000000e0000000,0x00000000ec280000,0x00000000ec280000)
  from space 20992K, 0% used [0x00000000ec280000,0x00000000ec280000,0x00000000ed700000)
  to   space 22528K, 0% used [0x00000000f0f80000,0x00000000f0f80000,0x00000000f2580000)
 ParOldGen       total 148992K, used 50942K [0x00000000a0000000, 0x00000000a9180000, 0x00000000e0000000)
  object space 148992K, 34% used [0x00000000a0000000,0x00000000a31bfa60,0x00000000a9180000)
 Metaspace       used 60760K, capacity 64224K, committed 64408K, reserved 1103872K
  class space    used 8296K, capacity 9315K, committed 9368K, reserved 1048576K
Event: 40.349 GC heap after
Heap after GC invocations=15 (full 3):
 PSYoungGen      total 265216K, used 22519K [0x00000000e0000000, 0x00000000f2580000, 0x0000000100000000)
  eden space 242688K, 0% used [0x00000000e0000000,0x00000000e0000000,0x00000000eed00000)
  from space 22528K, 99% used [0x00000000f0f80000,0x00000000f257de50,0x00000000f2580000)
  to   space 26624K, 0% used [0x00000000ef180000,0x00000000ef180000,0x00000000f0b80000)
 ParOldGen       total 148992K, used 53631K [0x00000000a0000000, 0x00000000a9180000, 0x00000000e0000000)
  object space 148992K, 35% used [0x00000000a0000000,0x00000000a345fc90,0x00000000a9180000)
 Metaspace       used 60760K, capacity 64224K, committed 64408K, reserved 1103872K
  class space    used 8296K, capacity 9315K, committed 9368K, reserved 1048576K
}
Event: 47.548 GC heap before
{Heap before GC invocations=16 (full 3):
 PSYoungGen      total 265216K, used 265207K [0x00000000e0000000, 0x00000000f2580000, 0x0000000100000000)
  eden space 242688K, 100% used [0x00000000e0000000,0x00000000eed00000,0x00000000eed00000)
  from space 22528K, 99% used [0x00000000f0f80000,0x00000000f257de50,0x00000000f2580000)
  to   space 26624K, 0% used [0x00000000ef180000,0x00000000ef180000,0x00000000f0b80000)
 ParOldGen       total 148992K, used 53631K [0x00000000a0000000, 0x00000000a9180000, 0x00000000e0000000)
  object space 148992K, 35% used [0x00000000a0000000,0x00000000a345fc90,0x00000000a9180000)
 Metaspace       used 67498K, capacity 71026K, committed 71320K, reserved 1110016K
  class space    used 9112K, capacity 10127K, committed 10136K, reserved 1048576K

